CRITICAL - 2022-11-01 21:00:17 --> mime_in[sampul,image/
                jpg,image/jpeg,image/png] is not a valid rule.
in SYSTEMPATH\Validation\Validation.php on line 316.
 1 SYSTEMPATH\Validation\Validation.php(316): CodeIgniter\Validation\Exceptions\ValidationException::forRuleNotFound('mime_in[sampul,image/
                jpg,image/jpeg,image/png]')
 2 SYSTEMPATH\Validation\Validation.php(175): CodeIgniter\Validation\Validation->processRules('sampul', 'sampul', null, [...], [...])
 3 SYSTEMPATH\Controller.php(140): CodeIgniter\Validation\Validation->run()
 4 APPPATH\Controllers\Buku.php(88): CodeIgniter\Controller->validate([...])
 5 SYSTEMPATH\CodeIgniter.php(904): App\Controllers\Buku->save()
 6 SYSTEMPATH\CodeIgniter.php(457): CodeIgniter\CodeIgniter->runController(Object(App\Controllers\Buku))
 7 SYSTEMPATH\CodeIgniter.php(340): CodeIgniter\CodeIgniter->handleRequest(null, Object(Config\Cache), false)
 8 FCPATH\index.php(67): CodeIgniter\CodeIgniter->run()
 9 SYSTEMPATH\Commands\Server\rewrite.php(43): require_once('FCPATH\\index.php')
CRITICAL - 2022-11-01 21:00:24 --> mime_in[sampul,image/
                jpg,image/jpeg,image/png] is not a valid rule.
in SYSTEMPATH\Validation\Validation.php on line 316.
 1 SYSTEMPATH\Validation\Validation.php(316): CodeIgniter\Validation\Exceptions\ValidationException::forRuleNotFound('mime_in[sampul,image/
                jpg,image/jpeg,image/png]')
 2 SYSTEMPATH\Validation\Validation.php(175): CodeIgniter\Validation\Validation->processRules('sampul', 'sampul', null, [...], [...])
 3 SYSTEMPATH\Controller.php(140): CodeIgniter\Validation\Validation->run()
 4 APPPATH\Controllers\Buku.php(88): CodeIgniter\Controller->validate([...])
 5 SYSTEMPATH\CodeIgniter.php(904): App\Controllers\Buku->save()
 6 SYSTEMPATH\CodeIgniter.php(457): CodeIgniter\CodeIgniter->runController(Object(App\Controllers\Buku))
 7 SYSTEMPATH\CodeIgniter.php(340): CodeIgniter\CodeIgniter->handleRequest(null, Object(Config\Cache), false)
 8 FCPATH\index.php(67): CodeIgniter\CodeIgniter->run()
 9 SYSTEMPATH\Commands\Server\rewrite.php(43): require_once('FCPATH\\index.php')
CRITICAL - 2022-11-01 21:01:26 --> unlink(img/1667262124_83cb371d937a78fcd26f.jpg): No such file or directory
in APPPATH\Controllers\Buku.php on line 140.
 1 [internal function]: CodeIgniter\Debug\Exceptions->errorHandler(2, 'unlink(img/1667262124_83cb371d937a78fcd26f.jpg): No such file or directory', 'APPPATH\\Controllers\\Buku.php', 140, [...])
 2 APPPATH\Controllers\Buku.php(140): unlink('img/1667262124_83cb371d937a78fcd26f.jpg')
 3 SYSTEMPATH\CodeIgniter.php(904): App\Controllers\Buku->delete('16')
 4 SYSTEMPATH\CodeIgniter.php(457): CodeIgniter\CodeIgniter->runController(Object(App\Controllers\Buku))
 5 SYSTEMPATH\CodeIgniter.php(340): CodeIgniter\CodeIgniter->handleRequest(null, Object(Config\Cache), false)
 6 FCPATH\index.php(67): CodeIgniter\CodeIgniter->run()
 7 SYSTEMPATH\Commands\Server\rewrite.php(43): require_once('FCPATH\\index.php')
CRITICAL - 2022-11-01 21:02:26 --> unlink(img/1667262124_83cb371d937a78fcd26f.jpg): No such file or directory
in APPPATH\Controllers\Buku.php on line 140.
 1 [internal function]: CodeIgniter\Debug\Exceptions->errorHandler(2, 'unlink(img/1667262124_83cb371d937a78fcd26f.jpg): No such file or directory', 'APPPATH\\Controllers\\Buku.php', 140, [...])
 2 APPPATH\Controllers\Buku.php(140): unlink('img/1667262124_83cb371d937a78fcd26f.jpg')
 3 SYSTEMPATH\CodeIgniter.php(904): App\Controllers\Buku->delete('16')
 4 SYSTEMPATH\CodeIgniter.php(457): CodeIgniter\CodeIgniter->runController(Object(App\Controllers\Buku))
 5 SYSTEMPATH\CodeIgniter.php(340): CodeIgniter\CodeIgniter->handleRequest(null, Object(Config\Cache), false)
 6 FCPATH\index.php(67): CodeIgniter\CodeIgniter->run()
 7 SYSTEMPATH\Commands\Server\rewrite.php(43): require_once('FCPATH\\index.php')
CRITICAL - 2022-11-01 21:02:47 --> mime_in[sampul,image/
                   jpg,image/jpeg,image/png] is not a valid rule.
in SYSTEMPATH\Validation\Validation.php on line 316.
 1 SYSTEMPATH\Validation\Validation.php(316): CodeIgniter\Validation\Exceptions\ValidationException::forRuleNotFound('mime_in[sampul,image/
                   jpg,image/jpeg,image/png]')
 2 SYSTEMPATH\Validation\Validation.php(175): CodeIgniter\Validation\Validation->processRules('sampul', 'sampul', null, [...], [...])
 3 SYSTEMPATH\Controller.php(140): CodeIgniter\Validation\Validation->run()
 4 APPPATH\Controllers\Buku.php(207): CodeIgniter\Controller->validate([...])
 5 SYSTEMPATH\CodeIgniter.php(904): App\Controllers\Buku->update('20')
 6 SYSTEMPATH\CodeIgniter.php(457): CodeIgniter\CodeIgniter->runController(Object(App\Controllers\Buku))
 7 SYSTEMPATH\CodeIgniter.php(340): CodeIgniter\CodeIgniter->handleRequest(null, Object(Config\Cache), false)
 8 FCPATH\index.php(67): CodeIgniter\CodeIgniter->run()
 9 SYSTEMPATH\Commands\Server\rewrite.php(43): require_once('FCPATH\\index.php')
CRITICAL - 2022-11-01 21:03:04 --> mime_in[sampul,image/
                jpg,image/jpeg,image/png] is not a valid rule.
in SYSTEMPATH\Validation\Validation.php on line 316.
 1 SYSTEMPATH\Validation\Validation.php(316): CodeIgniter\Validation\Exceptions\ValidationException::forRuleNotFound('mime_in[sampul,image/
                jpg,image/jpeg,image/png]')
 2 SYSTEMPATH\Validation\Validation.php(175): CodeIgniter\Validation\Validation->processRules('sampul', 'sampul', null, [...], [...])
 3 SYSTEMPATH\Controller.php(140): CodeIgniter\Validation\Validation->run()
 4 APPPATH\Controllers\Buku.php(88): CodeIgniter\Controller->validate([...])
 5 SYSTEMPATH\CodeIgniter.php(904): App\Controllers\Buku->save()
 6 SYSTEMPATH\CodeIgniter.php(457): CodeIgniter\CodeIgniter->runController(Object(App\Controllers\Buku))
 7 SYSTEMPATH\CodeIgniter.php(340): CodeIgniter\CodeIgniter->handleRequest(null, Object(Config\Cache), false)
 8 FCPATH\index.php(67): CodeIgniter\CodeIgniter->run()
 9 SYSTEMPATH\Commands\Server\rewrite.php(43): require_once('FCPATH\\index.php')
CRITICAL - 2022-11-01 21:03:12 --> mime_in[sampul,image/
                jpg,image/jpeg,image/png] is not a valid rule.
in SYSTEMPATH\Validation\Validation.php on line 316.
 1 SYSTEMPATH\Validation\Validation.php(316): CodeIgniter\Validation\Exceptions\ValidationException::forRuleNotFound('mime_in[sampul,image/
                jpg,image/jpeg,image/png]')
 2 SYSTEMPATH\Validation\Validation.php(175): CodeIgniter\Validation\Validation->processRules('sampul', 'sampul', null, [...], [...])
 3 SYSTEMPATH\Controller.php(140): CodeIgniter\Validation\Validation->run()
 4 APPPATH\Controllers\Buku.php(88): CodeIgniter\Controller->validate([...])
 5 SYSTEMPATH\CodeIgniter.php(904): App\Controllers\Buku->save()
 6 SYSTEMPATH\CodeIgniter.php(457): CodeIgniter\CodeIgniter->runController(Object(App\Controllers\Buku))
 7 SYSTEMPATH\CodeIgniter.php(340): CodeIgniter\CodeIgniter->handleRequest(null, Object(Config\Cache), false)
 8 FCPATH\index.php(67): CodeIgniter\CodeIgniter->run()
 9 SYSTEMPATH\Commands\Server\rewrite.php(43): require_once('FCPATH\\index.php')
