CRITICAL - 2022-11-16 18:53:02 --> Trying to access array offset on value of type null
in APPPATH\Views\Orang\detail.php on line 13.
 1 APPPATH\Views\Orang\detail.php(13): CodeIgniter\Debug\Exceptions->errorHandler(8, 'Trying to access array offset on value of type null', 'APPPATH\\Views\\Orang\\detail.php', 13, [...])
 2 SYSTEMPATH\View\View.php(213): include('APPPATH\\Views\\Orang\\detail.php')
 3 SYSTEMPATH\View\View.php(216): CodeIgniter\View\View->CodeIgniter\View\{closure}()
 4 SYSTEMPATH\Common.php(1137): CodeIgniter\View\View->render('orang/detail', [], true)
 5 APPPATH\Controllers\Orang.php(43): view('orang/detail', [...])
 6 SYSTEMPATH\CodeIgniter.php(904): App\Controllers\orang->detail('detail')
 7 SYSTEMPATH\CodeIgniter.php(457): CodeIgniter\CodeIgniter->runController(Object(App\Controllers\orang))
 8 SYSTEMPATH\CodeIgniter.php(340): CodeIgniter\CodeIgniter->handleRequest(null, Object(Config\Cache), false)
 9 FCPATH\index.php(67): CodeIgniter\CodeIgniter->run()
10 SYSTEMPATH\Commands\Server\rewrite.php(43): require_once('FCPATH\\index.php')
CRITICAL - 2022-11-16 18:53:13 --> Trying to access array offset on value of type null
in APPPATH\Views\Orang\detail.php on line 13.
 1 APPPATH\Views\Orang\detail.php(13): CodeIgniter\Debug\Exceptions->errorHandler(8, 'Trying to access array offset on value of type null', 'APPPATH\\Views\\Orang\\detail.php', 13, [...])
 2 SYSTEMPATH\View\View.php(213): include('APPPATH\\Views\\Orang\\detail.php')
 3 SYSTEMPATH\View\View.php(216): CodeIgniter\View\View->CodeIgniter\View\{closure}()
 4 SYSTEMPATH\Common.php(1137): CodeIgniter\View\View->render('orang/detail', [], true)
 5 APPPATH\Controllers\Orang.php(43): view('orang/detail', [...])
 6 SYSTEMPATH\CodeIgniter.php(904): App\Controllers\orang->detail('detail')
 7 SYSTEMPATH\CodeIgniter.php(457): CodeIgniter\CodeIgniter->runController(Object(App\Controllers\orang))
 8 SYSTEMPATH\CodeIgniter.php(340): CodeIgniter\CodeIgniter->handleRequest(null, Object(Config\Cache), false)
 9 FCPATH\index.php(67): CodeIgniter\CodeIgniter->run()
10 SYSTEMPATH\Commands\Server\rewrite.php(43): require_once('FCPATH\\index.php')
CRITICAL - 2022-11-16 19:05:42 --> Trying to access array offset on value of type null
in APPPATH\Views\Orang\detail.php on line 13.
 1 APPPATH\Views\Orang\detail.php(13): CodeIgniter\Debug\Exceptions->errorHandler(8, 'Trying to access array offset on value of type null', 'APPPATH\\Views\\Orang\\detail.php', 13, [...])
 2 SYSTEMPATH\View\View.php(213): include('APPPATH\\Views\\Orang\\detail.php')
 3 SYSTEMPATH\View\View.php(216): CodeIgniter\View\View->CodeIgniter\View\{closure}()
 4 SYSTEMPATH\Common.php(1137): CodeIgniter\View\View->render('orang/detail', [], true)
 5 APPPATH\Controllers\Orang.php(43): view('orang/detail', [...])
 6 SYSTEMPATH\CodeIgniter.php(904): App\Controllers\orang->detail('detail')
 7 SYSTEMPATH\CodeIgniter.php(457): CodeIgniter\CodeIgniter->runController(Object(App\Controllers\orang))
 8 SYSTEMPATH\CodeIgniter.php(340): CodeIgniter\CodeIgniter->handleRequest(null, Object(Config\Cache), false)
 9 FCPATH\index.php(67): CodeIgniter\CodeIgniter->run()
10 SYSTEMPATH\Commands\Server\rewrite.php(43): require_once('FCPATH\\index.php')
CRITICAL - 2022-11-16 19:06:42 --> Trying to access array offset on value of type null
in APPPATH\Views\Orang\detail.php on line 13.
 1 APPPATH\Views\Orang\detail.php(13): CodeIgniter\Debug\Exceptions->errorHandler(8, 'Trying to access array offset on value of type null', 'APPPATH\\Views\\Orang\\detail.php', 13, [...])
 2 SYSTEMPATH\View\View.php(213): include('APPPATH\\Views\\Orang\\detail.php')
 3 SYSTEMPATH\View\View.php(216): CodeIgniter\View\View->CodeIgniter\View\{closure}()
 4 SYSTEMPATH\Common.php(1137): CodeIgniter\View\View->render('orang/detail', [], true)
 5 APPPATH\Controllers\Orang.php(43): view('orang/detail', [...])
 6 SYSTEMPATH\CodeIgniter.php(904): App\Controllers\orang->detail('detail')
 7 SYSTEMPATH\CodeIgniter.php(457): CodeIgniter\CodeIgniter->runController(Object(App\Controllers\orang))
 8 SYSTEMPATH\CodeIgniter.php(340): CodeIgniter\CodeIgniter->handleRequest(null, Object(Config\Cache), false)
 9 FCPATH\index.php(67): CodeIgniter\CodeIgniter->run()
10 SYSTEMPATH\Commands\Server\rewrite.php(43): require_once('FCPATH\\index.php')
CRITICAL - 2022-11-16 19:11:09 --> Trying to access array offset on value of type null
in APPPATH\Views\Orang\detail.php on line 13.
 1 APPPATH\Views\Orang\detail.php(13): CodeIgniter\Debug\Exceptions->errorHandler(8, 'Trying to access array offset on value of type null', 'APPPATH\\Views\\Orang\\detail.php', 13, [...])
 2 SYSTEMPATH\View\View.php(213): include('APPPATH\\Views\\Orang\\detail.php')
 3 SYSTEMPATH\View\View.php(216): CodeIgniter\View\View->CodeIgniter\View\{closure}()
 4 SYSTEMPATH\Common.php(1137): CodeIgniter\View\View->render('orang/detail', [], true)
 5 APPPATH\Controllers\Orang.php(43): view('orang/detail', [...])
 6 SYSTEMPATH\CodeIgniter.php(904): App\Controllers\orang->detail('detail')
 7 SYSTEMPATH\CodeIgniter.php(457): CodeIgniter\CodeIgniter->runController(Object(App\Controllers\orang))
 8 SYSTEMPATH\CodeIgniter.php(340): CodeIgniter\CodeIgniter->handleRequest(null, Object(Config\Cache), false)
 9 FCPATH\index.php(67): CodeIgniter\CodeIgniter->run()
10 SYSTEMPATH\Commands\Server\rewrite.php(43): require_once('FCPATH\\index.php')
CRITICAL - 2022-11-16 19:18:24 --> Trying to access array offset on value of type null
in APPPATH\Views\Orang\detail.php on line 13.
 1 APPPATH\Views\Orang\detail.php(13): CodeIgniter\Debug\Exceptions->errorHandler(8, 'Trying to access array offset on value of type null', 'APPPATH\\Views\\Orang\\detail.php', 13, [...])
 2 SYSTEMPATH\View\View.php(213): include('APPPATH\\Views\\Orang\\detail.php')
 3 SYSTEMPATH\View\View.php(216): CodeIgniter\View\View->CodeIgniter\View\{closure}()
 4 SYSTEMPATH\Common.php(1137): CodeIgniter\View\View->render('orang/detail', [], true)
 5 APPPATH\Controllers\Orang.php(43): view('orang/detail', [...])
 6 SYSTEMPATH\CodeIgniter.php(904): App\Controllers\orang->detail('detail')
 7 SYSTEMPATH\CodeIgniter.php(457): CodeIgniter\CodeIgniter->runController(Object(App\Controllers\orang))
 8 SYSTEMPATH\CodeIgniter.php(340): CodeIgniter\CodeIgniter->handleRequest(null, Object(Config\Cache), false)
 9 FCPATH\index.php(67): CodeIgniter\CodeIgniter->run()
10 SYSTEMPATH\Commands\Server\rewrite.php(43): require_once('FCPATH\\index.php')
CRITICAL - 2022-11-16 19:30:12 --> Trying to access array offset on value of type null
in APPPATH\Views\Orang\detail.php on line 13.
 1 APPPATH\Views\Orang\detail.php(13): CodeIgniter\Debug\Exceptions->errorHandler(8, 'Trying to access array offset on value of type null', 'APPPATH\\Views\\Orang\\detail.php', 13, [...])
 2 SYSTEMPATH\View\View.php(213): include('APPPATH\\Views\\Orang\\detail.php')
 3 SYSTEMPATH\View\View.php(216): CodeIgniter\View\View->CodeIgniter\View\{closure}()
 4 SYSTEMPATH\Common.php(1137): CodeIgniter\View\View->render('orang/detail', [], true)
 5 APPPATH\Controllers\Orang.php(43): view('orang/detail', [...])
 6 SYSTEMPATH\CodeIgniter.php(904): App\Controllers\orang->detail('detail')
 7 SYSTEMPATH\CodeIgniter.php(457): CodeIgniter\CodeIgniter->runController(Object(App\Controllers\orang))
 8 SYSTEMPATH\CodeIgniter.php(340): CodeIgniter\CodeIgniter->handleRequest(null, Object(Config\Cache), false)
 9 FCPATH\index.php(67): CodeIgniter\CodeIgniter->run()
10 SYSTEMPATH\Commands\Server\rewrite.php(43): require_once('FCPATH\\index.php')
CRITICAL - 2022-11-16 19:31:11 --> Trying to access array offset on value of type null
in APPPATH\Views\Orang\detail.php on line 13.
 1 APPPATH\Views\Orang\detail.php(13): CodeIgniter\Debug\Exceptions->errorHandler(8, 'Trying to access array offset on value of type null', 'APPPATH\\Views\\Orang\\detail.php', 13, [...])
 2 SYSTEMPATH\View\View.php(213): include('APPPATH\\Views\\Orang\\detail.php')
 3 SYSTEMPATH\View\View.php(216): CodeIgniter\View\View->CodeIgniter\View\{closure}()
 4 SYSTEMPATH\Common.php(1137): CodeIgniter\View\View->render('orang/detail', [], true)
 5 APPPATH\Controllers\Orang.php(43): view('orang/detail', [...])
 6 SYSTEMPATH\CodeIgniter.php(904): App\Controllers\orang->detail('detail')
 7 SYSTEMPATH\CodeIgniter.php(457): CodeIgniter\CodeIgniter->runController(Object(App\Controllers\orang))
 8 SYSTEMPATH\CodeIgniter.php(340): CodeIgniter\CodeIgniter->handleRequest(null, Object(Config\Cache), false)
 9 FCPATH\index.php(67): CodeIgniter\CodeIgniter->run()
10 SYSTEMPATH\Commands\Server\rewrite.php(43): require_once('FCPATH\\index.php')
CRITICAL - 2022-11-16 19:31:15 --> Trying to access array offset on value of type null
in APPPATH\Views\Orang\detail.php on line 13.
 1 APPPATH\Views\Orang\detail.php(13): CodeIgniter\Debug\Exceptions->errorHandler(8, 'Trying to access array offset on value of type null', 'APPPATH\\Views\\Orang\\detail.php', 13, [...])
 2 SYSTEMPATH\View\View.php(213): include('APPPATH\\Views\\Orang\\detail.php')
 3 SYSTEMPATH\View\View.php(216): CodeIgniter\View\View->CodeIgniter\View\{closure}()
 4 SYSTEMPATH\Common.php(1137): CodeIgniter\View\View->render('orang/detail', [], true)
 5 APPPATH\Controllers\Orang.php(43): view('orang/detail', [...])
 6 SYSTEMPATH\CodeIgniter.php(904): App\Controllers\orang->detail('detail', '5')
 7 SYSTEMPATH\CodeIgniter.php(457): CodeIgniter\CodeIgniter->runController(Object(App\Controllers\orang))
 8 SYSTEMPATH\CodeIgniter.php(340): CodeIgniter\CodeIgniter->handleRequest(null, Object(Config\Cache), false)
 9 FCPATH\index.php(67): CodeIgniter\CodeIgniter->run()
10 SYSTEMPATH\Commands\Server\rewrite.php(43): require_once('FCPATH\\index.php')
CRITICAL - 2022-11-16 19:32:18 --> Undefined variable: id
in APPPATH\Models\OrangModel.php on line 14.
 1 APPPATH\Models\OrangModel.php(14): CodeIgniter\Debug\Exceptions->errorHandler(8, 'Undefined variable: id', 'APPPATH\\Models\\OrangModel.php', 14, [...])
 2 APPPATH\Controllers\Orang.php(41): App\Models\OrangModel->getOrang('detail')
 3 SYSTEMPATH\CodeIgniter.php(904): App\Controllers\orang->detail('detail', '5')
 4 SYSTEMPATH\CodeIgniter.php(457): CodeIgniter\CodeIgniter->runController(Object(App\Controllers\orang))
 5 SYSTEMPATH\CodeIgniter.php(340): CodeIgniter\CodeIgniter->handleRequest(null, Object(Config\Cache), false)
 6 FCPATH\index.php(67): CodeIgniter\CodeIgniter->run()
 7 SYSTEMPATH\Commands\Server\rewrite.php(43): require_once('FCPATH\\index.php')
CRITICAL - 2022-11-16 19:32:31 --> Trying to access array offset on value of type null
in APPPATH\Views\Orang\detail.php on line 13.
 1 APPPATH\Views\Orang\detail.php(13): CodeIgniter\Debug\Exceptions->errorHandler(8, 'Trying to access array offset on value of type null', 'APPPATH\\Views\\Orang\\detail.php', 13, [...])
 2 SYSTEMPATH\View\View.php(213): include('APPPATH\\Views\\Orang\\detail.php')
 3 SYSTEMPATH\View\View.php(216): CodeIgniter\View\View->CodeIgniter\View\{closure}()
 4 SYSTEMPATH\Common.php(1137): CodeIgniter\View\View->render('orang/detail', [], true)
 5 APPPATH\Controllers\Orang.php(43): view('orang/detail', [...])
 6 SYSTEMPATH\CodeIgniter.php(904): App\Controllers\orang->detail('detail', '5')
 7 SYSTEMPATH\CodeIgniter.php(457): CodeIgniter\CodeIgniter->runController(Object(App\Controllers\orang))
 8 SYSTEMPATH\CodeIgniter.php(340): CodeIgniter\CodeIgniter->handleRequest(null, Object(Config\Cache), false)
 9 FCPATH\index.php(67): CodeIgniter\CodeIgniter->run()
10 SYSTEMPATH\Commands\Server\rewrite.php(43): require_once('FCPATH\\index.php')
CRITICAL - 2022-11-16 19:32:49 --> Trying to access array offset on value of type null
in APPPATH\Views\Orang\detail.php on line 13.
 1 APPPATH\Views\Orang\detail.php(13): CodeIgniter\Debug\Exceptions->errorHandler(8, 'Trying to access array offset on value of type null', 'APPPATH\\Views\\Orang\\detail.php', 13, [...])
 2 SYSTEMPATH\View\View.php(213): include('APPPATH\\Views\\Orang\\detail.php')
 3 SYSTEMPATH\View\View.php(216): CodeIgniter\View\View->CodeIgniter\View\{closure}()
 4 SYSTEMPATH\Common.php(1137): CodeIgniter\View\View->render('orang/detail', [], true)
 5 APPPATH\Controllers\Orang.php(43): view('orang/detail', [...])
 6 SYSTEMPATH\CodeIgniter.php(904): App\Controllers\orang->detail('detail', '2')
 7 SYSTEMPATH\CodeIgniter.php(457): CodeIgniter\CodeIgniter->runController(Object(App\Controllers\orang))
 8 SYSTEMPATH\CodeIgniter.php(340): CodeIgniter\CodeIgniter->handleRequest(null, Object(Config\Cache), false)
 9 FCPATH\index.php(67): CodeIgniter\CodeIgniter->run()
10 SYSTEMPATH\Commands\Server\rewrite.php(43): require_once('FCPATH\\index.php')
CRITICAL - 2022-11-16 19:33:08 --> Trying to access array offset on value of type null
in APPPATH\Views\Orang\detail.php on line 13.
 1 APPPATH\Views\Orang\detail.php(13): CodeIgniter\Debug\Exceptions->errorHandler(8, 'Trying to access array offset on value of type null', 'APPPATH\\Views\\Orang\\detail.php', 13, [...])
 2 SYSTEMPATH\View\View.php(213): include('APPPATH\\Views\\Orang\\detail.php')
 3 SYSTEMPATH\View\View.php(216): CodeIgniter\View\View->CodeIgniter\View\{closure}()
 4 SYSTEMPATH\Common.php(1137): CodeIgniter\View\View->render('orang/detail', [], true)
 5 APPPATH\Controllers\Orang.php(43): view('orang/detail', [...])
 6 SYSTEMPATH\CodeIgniter.php(904): App\Controllers\orang->detail('detail', '2')
 7 SYSTEMPATH\CodeIgniter.php(457): CodeIgniter\CodeIgniter->runController(Object(App\Controllers\orang))
 8 SYSTEMPATH\CodeIgniter.php(340): CodeIgniter\CodeIgniter->handleRequest(null, Object(Config\Cache), false)
 9 FCPATH\index.php(67): CodeIgniter\CodeIgniter->run()
10 SYSTEMPATH\Commands\Server\rewrite.php(43): require_once('FCPATH\\index.php')
CRITICAL - 2022-11-16 19:33:13 --> Trying to access array offset on value of type null
in APPPATH\Views\Orang\detail.php on line 13.
 1 APPPATH\Views\Orang\detail.php(13): CodeIgniter\Debug\Exceptions->errorHandler(8, 'Trying to access array offset on value of type null', 'APPPATH\\Views\\Orang\\detail.php', 13, [...])
 2 SYSTEMPATH\View\View.php(213): include('APPPATH\\Views\\Orang\\detail.php')
 3 SYSTEMPATH\View\View.php(216): CodeIgniter\View\View->CodeIgniter\View\{closure}()
 4 SYSTEMPATH\Common.php(1137): CodeIgniter\View\View->render('orang/detail', [], true)
 5 APPPATH\Controllers\Orang.php(43): view('orang/detail', [...])
 6 SYSTEMPATH\CodeIgniter.php(904): App\Controllers\orang->detail('detail', '5')
 7 SYSTEMPATH\CodeIgniter.php(457): CodeIgniter\CodeIgniter->runController(Object(App\Controllers\orang))
 8 SYSTEMPATH\CodeIgniter.php(340): CodeIgniter\CodeIgniter->handleRequest(null, Object(Config\Cache), false)
 9 FCPATH\index.php(67): CodeIgniter\CodeIgniter->run()
10 SYSTEMPATH\Commands\Server\rewrite.php(43): require_once('FCPATH\\index.php')
CRITICAL - 2022-11-16 19:36:18 --> Trying to access array offset on value of type null
in APPPATH\Views\Orang\detail.php on line 13.
 1 APPPATH\Views\Orang\detail.php(13): CodeIgniter\Debug\Exceptions->errorHandler(8, 'Trying to access array offset on value of type null', 'APPPATH\\Views\\Orang\\detail.php', 13, [...])
 2 SYSTEMPATH\View\View.php(213): include('APPPATH\\Views\\Orang\\detail.php')
 3 SYSTEMPATH\View\View.php(216): CodeIgniter\View\View->CodeIgniter\View\{closure}()
 4 SYSTEMPATH\Common.php(1137): CodeIgniter\View\View->render('orang/detail', [], true)
 5 APPPATH\Controllers\Orang.php(43): view('orang/detail', [...])
 6 SYSTEMPATH\CodeIgniter.php(904): App\Controllers\orang->detail('detail', '2')
 7 SYSTEMPATH\CodeIgniter.php(457): CodeIgniter\CodeIgniter->runController(Object(App\Controllers\orang))
 8 SYSTEMPATH\CodeIgniter.php(340): CodeIgniter\CodeIgniter->handleRequest(null, Object(Config\Cache), false)
 9 FCPATH\index.php(67): CodeIgniter\CodeIgniter->run()
10 SYSTEMPATH\Commands\Server\rewrite.php(43): require_once('FCPATH\\index.php')
CRITICAL - 2022-11-16 19:38:29 --> Trying to access array offset on value of type null
in APPPATH\Views\Orang\detail.php on line 13.
 1 APPPATH\Views\Orang\detail.php(13): CodeIgniter\Debug\Exceptions->errorHandler(8, 'Trying to access array offset on value of type null', 'APPPATH\\Views\\Orang\\detail.php', 13, [...])
 2 SYSTEMPATH\View\View.php(213): include('APPPATH\\Views\\Orang\\detail.php')
 3 SYSTEMPATH\View\View.php(216): CodeIgniter\View\View->CodeIgniter\View\{closure}()
 4 SYSTEMPATH\Common.php(1137): CodeIgniter\View\View->render('orang/detail', [], true)
 5 APPPATH\Controllers\Orang.php(43): view('orang/detail', [...])
 6 SYSTEMPATH\CodeIgniter.php(904): App\Controllers\orang->detail('detail', '2')
 7 SYSTEMPATH\CodeIgniter.php(457): CodeIgniter\CodeIgniter->runController(Object(App\Controllers\orang))
 8 SYSTEMPATH\CodeIgniter.php(340): CodeIgniter\CodeIgniter->handleRequest(null, Object(Config\Cache), false)
 9 FCPATH\index.php(67): CodeIgniter\CodeIgniter->run()
10 SYSTEMPATH\Commands\Server\rewrite.php(43): require_once('FCPATH\\index.php')
CRITICAL - 2022-11-16 19:39:27 --> Trying to access array offset on value of type null
in APPPATH\Views\Orang\detail.php on line 13.
 1 APPPATH\Views\Orang\detail.php(13): CodeIgniter\Debug\Exceptions->errorHandler(8, 'Trying to access array offset on value of type null', 'APPPATH\\Views\\Orang\\detail.php', 13, [...])
 2 SYSTEMPATH\View\View.php(213): include('APPPATH\\Views\\Orang\\detail.php')
 3 SYSTEMPATH\View\View.php(216): CodeIgniter\View\View->CodeIgniter\View\{closure}()
 4 SYSTEMPATH\Common.php(1137): CodeIgniter\View\View->render('orang/detail', [], true)
 5 APPPATH\Controllers\Orang.php(44): view('orang/detail', [...])
 6 SYSTEMPATH\CodeIgniter.php(904): App\Controllers\orang->detail('detail', '6')
 7 SYSTEMPATH\CodeIgniter.php(457): CodeIgniter\CodeIgniter->runController(Object(App\Controllers\orang))
 8 SYSTEMPATH\CodeIgniter.php(340): CodeIgniter\CodeIgniter->handleRequest(null, Object(Config\Cache), false)
 9 FCPATH\index.php(67): CodeIgniter\CodeIgniter->run()
10 SYSTEMPATH\Commands\Server\rewrite.php(43): require_once('FCPATH\\index.php')
CRITICAL - 2022-11-16 19:40:21 --> Trying to access array offset on value of type null
in APPPATH\Views\Orang\detail.php on line 13.
 1 APPPATH\Views\Orang\detail.php(13): CodeIgniter\Debug\Exceptions->errorHandler(8, 'Trying to access array offset on value of type null', 'APPPATH\\Views\\Orang\\detail.php', 13, [...])
 2 SYSTEMPATH\View\View.php(213): include('APPPATH\\Views\\Orang\\detail.php')
 3 SYSTEMPATH\View\View.php(216): CodeIgniter\View\View->CodeIgniter\View\{closure}()
 4 SYSTEMPATH\Common.php(1137): CodeIgniter\View\View->render('orang/detail', [], true)
 5 APPPATH\Controllers\Orang.php(44): view('orang/detail', [...])
 6 SYSTEMPATH\CodeIgniter.php(904): App\Controllers\orang->detail('detail', '1')
 7 SYSTEMPATH\CodeIgniter.php(457): CodeIgniter\CodeIgniter->runController(Object(App\Controllers\orang))
 8 SYSTEMPATH\CodeIgniter.php(340): CodeIgniter\CodeIgniter->handleRequest(null, Object(Config\Cache), false)
 9 FCPATH\index.php(67): CodeIgniter\CodeIgniter->run()
10 SYSTEMPATH\Commands\Server\rewrite.php(43): require_once('FCPATH\\index.php')
CRITICAL - 2022-11-16 19:41:14 --> Trying to access array offset on value of type null
in APPPATH\Views\Orang\detail.php on line 13.
 1 APPPATH\Views\Orang\detail.php(13): CodeIgniter\Debug\Exceptions->errorHandler(8, 'Trying to access array offset on value of type null', 'APPPATH\\Views\\Orang\\detail.php', 13, [...])
 2 SYSTEMPATH\View\View.php(213): include('APPPATH\\Views\\Orang\\detail.php')
 3 SYSTEMPATH\View\View.php(216): CodeIgniter\View\View->CodeIgniter\View\{closure}()
 4 SYSTEMPATH\Common.php(1137): CodeIgniter\View\View->render('orang/detail', [], true)
 5 APPPATH\Controllers\Orang.php(44): view('orang/detail', [...])
 6 SYSTEMPATH\CodeIgniter.php(904): App\Controllers\orang->detail('detail', '1')
 7 SYSTEMPATH\CodeIgniter.php(457): CodeIgniter\CodeIgniter->runController(Object(App\Controllers\orang))
 8 SYSTEMPATH\CodeIgniter.php(340): CodeIgniter\CodeIgniter->handleRequest(null, Object(Config\Cache), false)
 9 FCPATH\index.php(67): CodeIgniter\CodeIgniter->run()
10 SYSTEMPATH\Commands\Server\rewrite.php(43): require_once('FCPATH\\index.php')
CRITICAL - 2022-11-16 19:42:34 --> Undefined variable: data
in APPPATH\Views\Orang\detail.php on line 13.
 1 APPPATH\Views\Orang\detail.php(13): CodeIgniter\Debug\Exceptions->errorHandler(8, 'Undefined variable: data', 'APPPATH\\Views\\Orang\\detail.php', 13, [...])
 2 SYSTEMPATH\View\View.php(213): include('APPPATH\\Views\\Orang\\detail.php')
 3 SYSTEMPATH\View\View.php(216): CodeIgniter\View\View->CodeIgniter\View\{closure}()
 4 SYSTEMPATH\Common.php(1137): CodeIgniter\View\View->render('orang/detail', [], true)
 5 APPPATH\Controllers\Orang.php(44): view('orang/detail', [...])
 6 SYSTEMPATH\CodeIgniter.php(904): App\Controllers\orang->detail('detail', '1')
 7 SYSTEMPATH\CodeIgniter.php(457): CodeIgniter\CodeIgniter->runController(Object(App\Controllers\orang))
 8 SYSTEMPATH\CodeIgniter.php(340): CodeIgniter\CodeIgniter->handleRequest(null, Object(Config\Cache), false)
 9 FCPATH\index.php(67): CodeIgniter\CodeIgniter->run()
10 SYSTEMPATH\Commands\Server\rewrite.php(43): require_once('FCPATH\\index.php')
CRITICAL - 2022-11-16 19:42:40 --> Trying to access array offset on value of type null
in APPPATH\Views\Orang\detail.php on line 13.
 1 APPPATH\Views\Orang\detail.php(13): CodeIgniter\Debug\Exceptions->errorHandler(8, 'Trying to access array offset on value of type null', 'APPPATH\\Views\\Orang\\detail.php', 13, [...])
 2 SYSTEMPATH\View\View.php(213): include('APPPATH\\Views\\Orang\\detail.php')
 3 SYSTEMPATH\View\View.php(216): CodeIgniter\View\View->CodeIgniter\View\{closure}()
 4 SYSTEMPATH\Common.php(1137): CodeIgniter\View\View->render('orang/detail', [], true)
 5 APPPATH\Controllers\Orang.php(44): view('orang/detail', [...])
 6 SYSTEMPATH\CodeIgniter.php(904): App\Controllers\orang->detail('detail', '1')
 7 SYSTEMPATH\CodeIgniter.php(457): CodeIgniter\CodeIgniter->runController(Object(App\Controllers\orang))
 8 SYSTEMPATH\CodeIgniter.php(340): CodeIgniter\CodeIgniter->handleRequest(null, Object(Config\Cache), false)
 9 FCPATH\index.php(67): CodeIgniter\CodeIgniter->run()
10 SYSTEMPATH\Commands\Server\rewrite.php(43): require_once('FCPATH\\index.php')
CRITICAL - 2022-11-16 19:45:29 --> Trying to access array offset on value of type null
in APPPATH\Views\Orang\detail.php on line 13.
 1 APPPATH\Views\Orang\detail.php(13): CodeIgniter\Debug\Exceptions->errorHandler(8, 'Trying to access array offset on value of type null', 'APPPATH\\Views\\Orang\\detail.php', 13, [...])
 2 SYSTEMPATH\View\View.php(213): include('APPPATH\\Views\\Orang\\detail.php')
 3 SYSTEMPATH\View\View.php(216): CodeIgniter\View\View->CodeIgniter\View\{closure}()
 4 SYSTEMPATH\Common.php(1137): CodeIgniter\View\View->render('orang/detail', [], true)
 5 APPPATH\Controllers\Orang.php(44): view('orang/detail', [...])
 6 SYSTEMPATH\CodeIgniter.php(904): App\Controllers\orang->detail('detail', '1')
 7 SYSTEMPATH\CodeIgniter.php(457): CodeIgniter\CodeIgniter->runController(Object(App\Controllers\orang))
 8 SYSTEMPATH\CodeIgniter.php(340): CodeIgniter\CodeIgniter->handleRequest(null, Object(Config\Cache), false)
 9 FCPATH\index.php(67): CodeIgniter\CodeIgniter->run()
10 SYSTEMPATH\Commands\Server\rewrite.php(43): require_once('FCPATH\\index.php')
CRITICAL - 2022-11-16 19:45:38 --> Trying to access array offset on value of type null
in APPPATH\Views\Orang\detail.php on line 13.
 1 APPPATH\Views\Orang\detail.php(13): CodeIgniter\Debug\Exceptions->errorHandler(8, 'Trying to access array offset on value of type null', 'APPPATH\\Views\\Orang\\detail.php', 13, [...])
 2 SYSTEMPATH\View\View.php(213): include('APPPATH\\Views\\Orang\\detail.php')
 3 SYSTEMPATH\View\View.php(216): CodeIgniter\View\View->CodeIgniter\View\{closure}()
 4 SYSTEMPATH\Common.php(1137): CodeIgniter\View\View->render('orang/detail', [], true)
 5 APPPATH\Controllers\Orang.php(44): view('orang/detail', [...])
 6 SYSTEMPATH\CodeIgniter.php(904): App\Controllers\orang->detail('detail', '1')
 7 SYSTEMPATH\CodeIgniter.php(457): CodeIgniter\CodeIgniter->runController(Object(App\Controllers\orang))
 8 SYSTEMPATH\CodeIgniter.php(340): CodeIgniter\CodeIgniter->handleRequest(null, Object(Config\Cache), false)
 9 FCPATH\index.php(67): CodeIgniter\CodeIgniter->run()
10 SYSTEMPATH\Commands\Server\rewrite.php(43): require_once('FCPATH\\index.php')
