ERROR - 2022-10-26 19:36:35 --> mysqli_sql_exception: Column 'sampul' cannot be null in D:\Server\htdocs\xirpl2\system\Database\MySQLi\Connection.php:292
Stack trace:
#0 D:\Server\htdocs\xirpl2\system\Database\MySQLi\Connection.php(292): mysqli->query('INSERT INTO `bu...', 0)
#1 D:\Server\htdocs\xirpl2\system\Database\BaseConnection.php(693): CodeIgniter\Database\MySQLi\Connection->execute('INSERT INTO `bu...')
#2 D:\Server\htdocs\xirpl2\system\Database\BaseConnection.php(620): CodeIgniter\Database\BaseConnection->simpleQuery('INSERT INTO `bu...')
#3 D:\Server\htdocs\xirpl2\system\Database\BaseBuilder.php(1916): CodeIgniter\Database\BaseConnection->query('INSERT INTO `bu...', Array, false)
#4 D:\Server\htdocs\xirpl2\system\Model.php(278): CodeIgniter\Database\BaseBuilder->insert()
#5 D:\Server\htdocs\xirpl2\system\BaseModel.php(738): CodeIgniter\Model->doInsert(Array)
#6 D:\Server\htdocs\xirpl2\system\Model.php(666): CodeIgniter\BaseModel->insert(Array, false)
#7 D:\Server\htdocs\xirpl2\system\BaseModel.php(658): CodeIgniter\Model->insert(Array, false)
#8 D:\Server\htdocs\xirpl2\app\Controllers\Buku.php(108): CodeIgniter\BaseModel->save(Array)
#9 D:\Server\htdocs\xirpl2\system\CodeIgniter.php(904): App\Controllers\Buku->save()
#10 D:\Server\htdocs\xirpl2\system\CodeIgniter.php(457): CodeIgniter\CodeIgniter->runController(Object(App\Controllers\Buku))
#11 D:\Server\htdocs\xirpl2\system\CodeIgniter.php(340): CodeIgniter\CodeIgniter->handleRequest(NULL, Object(Config\Cache), false)
#12 D:\Server\htdocs\xirpl2\public\index.php(67): CodeIgniter\CodeIgniter->run()
#13 D:\Server\htdocs\xirpl2\system\Commands\Server\rewrite.php(43): require_once('D:\\Server\\htdoc...')
#14 {main}
CRITICAL - 2022-10-26 19:36:35 --> Column 'sampul' cannot be null
in SYSTEMPATH\Database\MySQLi\Connection.php on line 292.
 1 SYSTEMPATH\Database\MySQLi\Connection.php(292): mysqli->query('INSERT INTO `buku` (`judul`, `slug`, `kelas`, `penulis`, `penerbit`, `sampul`) VALUES (\'jk\', \'jk\', \'\', \'\', \'\', NULL)', 0)
 2 SYSTEMPATH\Database\BaseConnection.php(693): CodeIgniter\Database\MySQLi\Connection->execute('INSERT INTO `buku` (`judul`, `slug`, `kelas`, `penulis`, `penerbit`, `sampul`) VALUES (\'jk\', \'jk\', \'\', \'\', \'\', NULL)')
 3 SYSTEMPATH\Database\BaseConnection.php(620): CodeIgniter\Database\BaseConnection->simpleQuery('INSERT INTO `buku` (`judul`, `slug`, `kelas`, `penulis`, `penerbit`, `sampul`) VALUES (\'jk\', \'jk\', \'\', \'\', \'\', NULL)')
 4 SYSTEMPATH\Database\BaseBuilder.php(1916): CodeIgniter\Database\BaseConnection->query('INSERT INTO `buku` (`judul`, `slug`, `kelas`, `penulis`, `penerbit`, `sampul`) VALUES (:judul:, :slug:, :kelas:, :penulis:, :penerbit:, :sampul:)', [...], false)
 5 SYSTEMPATH\Model.php(278): CodeIgniter\Database\BaseBuilder->insert()
 6 SYSTEMPATH\BaseModel.php(738): CodeIgniter\Model->doInsert([...])
 7 SYSTEMPATH\Model.php(666): CodeIgniter\BaseModel->insert([...], false)
 8 SYSTEMPATH\BaseModel.php(658): CodeIgniter\Model->insert([...], false)
 9 APPPATH\Controllers\Buku.php(108): CodeIgniter\BaseModel->save([...])
10 SYSTEMPATH\CodeIgniter.php(904): App\Controllers\Buku->save()
11 SYSTEMPATH\CodeIgniter.php(457): CodeIgniter\CodeIgniter->runController(Object(App\Controllers\Buku))
12 SYSTEMPATH\CodeIgniter.php(340): CodeIgniter\CodeIgniter->handleRequest(null, Object(Config\Cache), false)
13 FCPATH\index.php(67): CodeIgniter\CodeIgniter->run()
14 SYSTEMPATH\Commands\Server\rewrite.php(43): require_once('FCPATH\\index.php')
ERROR - 2022-10-26 20:13:38 --> mysqli_sql_exception: Column 'sampul' cannot be null in D:\Server\htdocs\xirpl2\system\Database\MySQLi\Connection.php:292
Stack trace:
#0 D:\Server\htdocs\xirpl2\system\Database\MySQLi\Connection.php(292): mysqli->query('INSERT INTO `bu...', 0)
#1 D:\Server\htdocs\xirpl2\system\Database\BaseConnection.php(693): CodeIgniter\Database\MySQLi\Connection->execute('INSERT INTO `bu...')
#2 D:\Server\htdocs\xirpl2\system\Database\BaseConnection.php(620): CodeIgniter\Database\BaseConnection->simpleQuery('INSERT INTO `bu...')
#3 D:\Server\htdocs\xirpl2\system\Database\BaseBuilder.php(1916): CodeIgniter\Database\BaseConnection->query('INSERT INTO `bu...', Array, false)
#4 D:\Server\htdocs\xirpl2\system\Model.php(278): CodeIgniter\Database\BaseBuilder->insert()
#5 D:\Server\htdocs\xirpl2\system\BaseModel.php(738): CodeIgniter\Model->doInsert(Array)
#6 D:\Server\htdocs\xirpl2\system\Model.php(666): CodeIgniter\BaseModel->insert(Array, false)
#7 D:\Server\htdocs\xirpl2\system\BaseModel.php(658): CodeIgniter\Model->insert(Array, false)
#8 D:\Server\htdocs\xirpl2\app\Controllers\Buku.php(117): CodeIgniter\BaseModel->save(Array)
#9 D:\Server\htdocs\xirpl2\system\CodeIgniter.php(904): App\Controllers\Buku->save()
#10 D:\Server\htdocs\xirpl2\system\CodeIgniter.php(457): CodeIgniter\CodeIgniter->runController(Object(App\Controllers\Buku))
#11 D:\Server\htdocs\xirpl2\system\CodeIgniter.php(340): CodeIgniter\CodeIgniter->handleRequest(NULL, Object(Config\Cache), false)
#12 D:\Server\htdocs\xirpl2\public\index.php(67): CodeIgniter\CodeIgniter->run()
#13 D:\Server\htdocs\xirpl2\system\Commands\Server\rewrite.php(43): require_once('D:\\Server\\htdoc...')
#14 {main}
CRITICAL - 2022-10-26 20:13:38 --> Column 'sampul' cannot be null
in SYSTEMPATH\Database\MySQLi\Connection.php on line 292.
 1 SYSTEMPATH\Database\MySQLi\Connection.php(292): mysqli->query('INSERT INTO `buku` (`judul`, `slug`, `kelas`, `penulis`, `penerbit`, `sampul`) VALUES (\'fu\', \'fu\', \'\', \'\', \'\', NULL)', 0)
 2 SYSTEMPATH\Database\BaseConnection.php(693): CodeIgniter\Database\MySQLi\Connection->execute('INSERT INTO `buku` (`judul`, `slug`, `kelas`, `penulis`, `penerbit`, `sampul`) VALUES (\'fu\', \'fu\', \'\', \'\', \'\', NULL)')
 3 SYSTEMPATH\Database\BaseConnection.php(620): CodeIgniter\Database\BaseConnection->simpleQuery('INSERT INTO `buku` (`judul`, `slug`, `kelas`, `penulis`, `penerbit`, `sampul`) VALUES (\'fu\', \'fu\', \'\', \'\', \'\', NULL)')
 4 SYSTEMPATH\Database\BaseBuilder.php(1916): CodeIgniter\Database\BaseConnection->query('INSERT INTO `buku` (`judul`, `slug`, `kelas`, `penulis`, `penerbit`, `sampul`) VALUES (:judul:, :slug:, :kelas:, :penulis:, :penerbit:, :sampul:)', [...], false)
 5 SYSTEMPATH\Model.php(278): CodeIgniter\Database\BaseBuilder->insert()
 6 SYSTEMPATH\BaseModel.php(738): CodeIgniter\Model->doInsert([...])
 7 SYSTEMPATH\Model.php(666): CodeIgniter\BaseModel->insert([...], false)
 8 SYSTEMPATH\BaseModel.php(658): CodeIgniter\Model->insert([...], false)
 9 APPPATH\Controllers\Buku.php(117): CodeIgniter\BaseModel->save([...])
10 SYSTEMPATH\CodeIgniter.php(904): App\Controllers\Buku->save()
11 SYSTEMPATH\CodeIgniter.php(457): CodeIgniter\CodeIgniter->runController(Object(App\Controllers\Buku))
12 SYSTEMPATH\CodeIgniter.php(340): CodeIgniter\CodeIgniter->handleRequest(null, Object(Config\Cache), false)
13 FCPATH\index.php(67): CodeIgniter\CodeIgniter->run()
14 SYSTEMPATH\Commands\Server\rewrite.php(43): require_once('FCPATH\\index.php')
ERROR - 2022-10-26 20:13:51 --> mysqli_sql_exception: Column 'sampul' cannot be null in D:\Server\htdocs\xirpl2\system\Database\MySQLi\Connection.php:292
Stack trace:
#0 D:\Server\htdocs\xirpl2\system\Database\MySQLi\Connection.php(292): mysqli->query('INSERT INTO `bu...', 0)
#1 D:\Server\htdocs\xirpl2\system\Database\BaseConnection.php(693): CodeIgniter\Database\MySQLi\Connection->execute('INSERT INTO `bu...')
#2 D:\Server\htdocs\xirpl2\system\Database\BaseConnection.php(620): CodeIgniter\Database\BaseConnection->simpleQuery('INSERT INTO `bu...')
#3 D:\Server\htdocs\xirpl2\system\Database\BaseBuilder.php(1916): CodeIgniter\Database\BaseConnection->query('INSERT INTO `bu...', Array, false)
#4 D:\Server\htdocs\xirpl2\system\Model.php(278): CodeIgniter\Database\BaseBuilder->insert()
#5 D:\Server\htdocs\xirpl2\system\BaseModel.php(738): CodeIgniter\Model->doInsert(Array)
#6 D:\Server\htdocs\xirpl2\system\Model.php(666): CodeIgniter\BaseModel->insert(Array, false)
#7 D:\Server\htdocs\xirpl2\system\BaseModel.php(658): CodeIgniter\Model->insert(Array, false)
#8 D:\Server\htdocs\xirpl2\app\Controllers\Buku.php(117): CodeIgniter\BaseModel->save(Array)
#9 D:\Server\htdocs\xirpl2\system\CodeIgniter.php(904): App\Controllers\Buku->save()
#10 D:\Server\htdocs\xirpl2\system\CodeIgniter.php(457): CodeIgniter\CodeIgniter->runController(Object(App\Controllers\Buku))
#11 D:\Server\htdocs\xirpl2\system\CodeIgniter.php(340): CodeIgniter\CodeIgniter->handleRequest(NULL, Object(Config\Cache), false)
#12 D:\Server\htdocs\xirpl2\public\index.php(67): CodeIgniter\CodeIgniter->run()
#13 D:\Server\htdocs\xirpl2\system\Commands\Server\rewrite.php(43): require_once('D:\\Server\\htdoc...')
#14 {main}
CRITICAL - 2022-10-26 20:13:51 --> Column 'sampul' cannot be null
in SYSTEMPATH\Database\MySQLi\Connection.php on line 292.
 1 SYSTEMPATH\Database\MySQLi\Connection.php(292): mysqli->query('INSERT INTO `buku` (`judul`, `slug`, `kelas`, `penulis`, `penerbit`, `sampul`) VALUES (\'fu\', \'fu\', \'\', \'\', \'\', NULL)', 0)
 2 SYSTEMPATH\Database\BaseConnection.php(693): CodeIgniter\Database\MySQLi\Connection->execute('INSERT INTO `buku` (`judul`, `slug`, `kelas`, `penulis`, `penerbit`, `sampul`) VALUES (\'fu\', \'fu\', \'\', \'\', \'\', NULL)')
 3 SYSTEMPATH\Database\BaseConnection.php(620): CodeIgniter\Database\BaseConnection->simpleQuery('INSERT INTO `buku` (`judul`, `slug`, `kelas`, `penulis`, `penerbit`, `sampul`) VALUES (\'fu\', \'fu\', \'\', \'\', \'\', NULL)')
 4 SYSTEMPATH\Database\BaseBuilder.php(1916): CodeIgniter\Database\BaseConnection->query('INSERT INTO `buku` (`judul`, `slug`, `kelas`, `penulis`, `penerbit`, `sampul`) VALUES (:judul:, :slug:, :kelas:, :penulis:, :penerbit:, :sampul:)', [...], false)
 5 SYSTEMPATH\Model.php(278): CodeIgniter\Database\BaseBuilder->insert()
 6 SYSTEMPATH\BaseModel.php(738): CodeIgniter\Model->doInsert([...])
 7 SYSTEMPATH\Model.php(666): CodeIgniter\BaseModel->insert([...], false)
 8 SYSTEMPATH\BaseModel.php(658): CodeIgniter\Model->insert([...], false)
 9 APPPATH\Controllers\Buku.php(117): CodeIgniter\BaseModel->save([...])
10 SYSTEMPATH\CodeIgniter.php(904): App\Controllers\Buku->save()
11 SYSTEMPATH\CodeIgniter.php(457): CodeIgniter\CodeIgniter->runController(Object(App\Controllers\Buku))
12 SYSTEMPATH\CodeIgniter.php(340): CodeIgniter\CodeIgniter->handleRequest(null, Object(Config\Cache), false)
13 FCPATH\index.php(67): CodeIgniter\CodeIgniter->run()
14 SYSTEMPATH\Commands\Server\rewrite.php(43): require_once('FCPATH\\index.php')
ERROR - 2022-10-26 20:31:52 --> mysqli_sql_exception: Column 'sampul' cannot be null in D:\Server\htdocs\xirpl2\system\Database\MySQLi\Connection.php:292
Stack trace:
#0 D:\Server\htdocs\xirpl2\system\Database\MySQLi\Connection.php(292): mysqli->query('INSERT INTO `bu...', 0)
#1 D:\Server\htdocs\xirpl2\system\Database\BaseConnection.php(693): CodeIgniter\Database\MySQLi\Connection->execute('INSERT INTO `bu...')
#2 D:\Server\htdocs\xirpl2\system\Database\BaseConnection.php(620): CodeIgniter\Database\BaseConnection->simpleQuery('INSERT INTO `bu...')
#3 D:\Server\htdocs\xirpl2\system\Database\BaseBuilder.php(1916): CodeIgniter\Database\BaseConnection->query('INSERT INTO `bu...', Array, false)
#4 D:\Server\htdocs\xirpl2\system\Model.php(278): CodeIgniter\Database\BaseBuilder->insert()
#5 D:\Server\htdocs\xirpl2\system\BaseModel.php(738): CodeIgniter\Model->doInsert(Array)
#6 D:\Server\htdocs\xirpl2\system\Model.php(666): CodeIgniter\BaseModel->insert(Array, false)
#7 D:\Server\htdocs\xirpl2\system\BaseModel.php(658): CodeIgniter\Model->insert(Array, false)
#8 D:\Server\htdocs\xirpl2\app\Controllers\Buku.php(117): CodeIgniter\BaseModel->save(Array)
#9 D:\Server\htdocs\xirpl2\system\CodeIgniter.php(904): App\Controllers\Buku->save()
#10 D:\Server\htdocs\xirpl2\system\CodeIgniter.php(457): CodeIgniter\CodeIgniter->runController(Object(App\Controllers\Buku))
#11 D:\Server\htdocs\xirpl2\system\CodeIgniter.php(340): CodeIgniter\CodeIgniter->handleRequest(NULL, Object(Config\Cache), false)
#12 D:\Server\htdocs\xirpl2\public\index.php(67): CodeIgniter\CodeIgniter->run()
#13 D:\Server\htdocs\xirpl2\system\Commands\Server\rewrite.php(43): require_once('D:\\Server\\htdoc...')
#14 {main}
CRITICAL - 2022-10-26 20:31:52 --> Column 'sampul' cannot be null
in SYSTEMPATH\Database\MySQLi\Connection.php on line 292.
 1 SYSTEMPATH\Database\MySQLi\Connection.php(292): mysqli->query('INSERT INTO `buku` (`judul`, `slug`, `kelas`, `penulis`, `penerbit`, `sampul`) VALUES (\'jk\', \'jk\', \'\', \'\', \'\', NULL)', 0)
 2 SYSTEMPATH\Database\BaseConnection.php(693): CodeIgniter\Database\MySQLi\Connection->execute('INSERT INTO `buku` (`judul`, `slug`, `kelas`, `penulis`, `penerbit`, `sampul`) VALUES (\'jk\', \'jk\', \'\', \'\', \'\', NULL)')
 3 SYSTEMPATH\Database\BaseConnection.php(620): CodeIgniter\Database\BaseConnection->simpleQuery('INSERT INTO `buku` (`judul`, `slug`, `kelas`, `penulis`, `penerbit`, `sampul`) VALUES (\'jk\', \'jk\', \'\', \'\', \'\', NULL)')
 4 SYSTEMPATH\Database\BaseBuilder.php(1916): CodeIgniter\Database\BaseConnection->query('INSERT INTO `buku` (`judul`, `slug`, `kelas`, `penulis`, `penerbit`, `sampul`) VALUES (:judul:, :slug:, :kelas:, :penulis:, :penerbit:, :sampul:)', [...], false)
 5 SYSTEMPATH\Model.php(278): CodeIgniter\Database\BaseBuilder->insert()
 6 SYSTEMPATH\BaseModel.php(738): CodeIgniter\Model->doInsert([...])
 7 SYSTEMPATH\Model.php(666): CodeIgniter\BaseModel->insert([...], false)
 8 SYSTEMPATH\BaseModel.php(658): CodeIgniter\Model->insert([...], false)
 9 APPPATH\Controllers\Buku.php(117): CodeIgniter\BaseModel->save([...])
10 SYSTEMPATH\CodeIgniter.php(904): App\Controllers\Buku->save()
11 SYSTEMPATH\CodeIgniter.php(457): CodeIgniter\CodeIgniter->runController(Object(App\Controllers\Buku))
12 SYSTEMPATH\CodeIgniter.php(340): CodeIgniter\CodeIgniter->handleRequest(null, Object(Config\Cache), false)
13 FCPATH\index.php(67): CodeIgniter\CodeIgniter->run()
14 SYSTEMPATH\Commands\Server\rewrite.php(43): require_once('FCPATH\\index.php')
ERROR - 2022-10-26 20:32:00 --> mysqli_sql_exception: Column 'sampul' cannot be null in D:\Server\htdocs\xirpl2\system\Database\MySQLi\Connection.php:292
Stack trace:
#0 D:\Server\htdocs\xirpl2\system\Database\MySQLi\Connection.php(292): mysqli->query('INSERT INTO `bu...', 0)
#1 D:\Server\htdocs\xirpl2\system\Database\BaseConnection.php(693): CodeIgniter\Database\MySQLi\Connection->execute('INSERT INTO `bu...')
#2 D:\Server\htdocs\xirpl2\system\Database\BaseConnection.php(620): CodeIgniter\Database\BaseConnection->simpleQuery('INSERT INTO `bu...')
#3 D:\Server\htdocs\xirpl2\system\Database\BaseBuilder.php(1916): CodeIgniter\Database\BaseConnection->query('INSERT INTO `bu...', Array, false)
#4 D:\Server\htdocs\xirpl2\system\Model.php(278): CodeIgniter\Database\BaseBuilder->insert()
#5 D:\Server\htdocs\xirpl2\system\BaseModel.php(738): CodeIgniter\Model->doInsert(Array)
#6 D:\Server\htdocs\xirpl2\system\Model.php(666): CodeIgniter\BaseModel->insert(Array, false)
#7 D:\Server\htdocs\xirpl2\system\BaseModel.php(658): CodeIgniter\Model->insert(Array, false)
#8 D:\Server\htdocs\xirpl2\app\Controllers\Buku.php(117): CodeIgniter\BaseModel->save(Array)
#9 D:\Server\htdocs\xirpl2\system\CodeIgniter.php(904): App\Controllers\Buku->save()
#10 D:\Server\htdocs\xirpl2\system\CodeIgniter.php(457): CodeIgniter\CodeIgniter->runController(Object(App\Controllers\Buku))
#11 D:\Server\htdocs\xirpl2\system\CodeIgniter.php(340): CodeIgniter\CodeIgniter->handleRequest(NULL, Object(Config\Cache), false)
#12 D:\Server\htdocs\xirpl2\public\index.php(67): CodeIgniter\CodeIgniter->run()
#13 D:\Server\htdocs\xirpl2\system\Commands\Server\rewrite.php(43): require_once('D:\\Server\\htdoc...')
#14 {main}
CRITICAL - 2022-10-26 20:32:00 --> Column 'sampul' cannot be null
in SYSTEMPATH\Database\MySQLi\Connection.php on line 292.
 1 SYSTEMPATH\Database\MySQLi\Connection.php(292): mysqli->query('INSERT INTO `buku` (`judul`, `slug`, `kelas`, `penulis`, `penerbit`, `sampul`) VALUES (\'jk\', \'jk\', \'\', \'\', \'\', NULL)', 0)
 2 SYSTEMPATH\Database\BaseConnection.php(693): CodeIgniter\Database\MySQLi\Connection->execute('INSERT INTO `buku` (`judul`, `slug`, `kelas`, `penulis`, `penerbit`, `sampul`) VALUES (\'jk\', \'jk\', \'\', \'\', \'\', NULL)')
 3 SYSTEMPATH\Database\BaseConnection.php(620): CodeIgniter\Database\BaseConnection->simpleQuery('INSERT INTO `buku` (`judul`, `slug`, `kelas`, `penulis`, `penerbit`, `sampul`) VALUES (\'jk\', \'jk\', \'\', \'\', \'\', NULL)')
 4 SYSTEMPATH\Database\BaseBuilder.php(1916): CodeIgniter\Database\BaseConnection->query('INSERT INTO `buku` (`judul`, `slug`, `kelas`, `penulis`, `penerbit`, `sampul`) VALUES (:judul:, :slug:, :kelas:, :penulis:, :penerbit:, :sampul:)', [...], false)
 5 SYSTEMPATH\Model.php(278): CodeIgniter\Database\BaseBuilder->insert()
 6 SYSTEMPATH\BaseModel.php(738): CodeIgniter\Model->doInsert([...])
 7 SYSTEMPATH\Model.php(666): CodeIgniter\BaseModel->insert([...], false)
 8 SYSTEMPATH\BaseModel.php(658): CodeIgniter\Model->insert([...], false)
 9 APPPATH\Controllers\Buku.php(117): CodeIgniter\BaseModel->save([...])
10 SYSTEMPATH\CodeIgniter.php(904): App\Controllers\Buku->save()
11 SYSTEMPATH\CodeIgniter.php(457): CodeIgniter\CodeIgniter->runController(Object(App\Controllers\Buku))
12 SYSTEMPATH\CodeIgniter.php(340): CodeIgniter\CodeIgniter->handleRequest(null, Object(Config\Cache), false)
13 FCPATH\index.php(67): CodeIgniter\CodeIgniter->run()
14 SYSTEMPATH\Commands\Server\rewrite.php(43): require_once('FCPATH\\index.php')
ERROR - 2022-10-26 20:34:51 --> mysqli_sql_exception: Column 'sampul' cannot be null in D:\Server\htdocs\xirpl2\system\Database\MySQLi\Connection.php:292
Stack trace:
#0 D:\Server\htdocs\xirpl2\system\Database\MySQLi\Connection.php(292): mysqli->query('INSERT INTO `bu...', 0)
#1 D:\Server\htdocs\xirpl2\system\Database\BaseConnection.php(693): CodeIgniter\Database\MySQLi\Connection->execute('INSERT INTO `bu...')
#2 D:\Server\htdocs\xirpl2\system\Database\BaseConnection.php(620): CodeIgniter\Database\BaseConnection->simpleQuery('INSERT INTO `bu...')
#3 D:\Server\htdocs\xirpl2\system\Database\BaseBuilder.php(1916): CodeIgniter\Database\BaseConnection->query('INSERT INTO `bu...', Array, false)
#4 D:\Server\htdocs\xirpl2\system\Model.php(278): CodeIgniter\Database\BaseBuilder->insert()
#5 D:\Server\htdocs\xirpl2\system\BaseModel.php(738): CodeIgniter\Model->doInsert(Array)
#6 D:\Server\htdocs\xirpl2\system\Model.php(666): CodeIgniter\BaseModel->insert(Array, false)
#7 D:\Server\htdocs\xirpl2\system\BaseModel.php(658): CodeIgniter\Model->insert(Array, false)
#8 D:\Server\htdocs\xirpl2\app\Controllers\Buku.php(117): CodeIgniter\BaseModel->save(Array)
#9 D:\Server\htdocs\xirpl2\system\CodeIgniter.php(904): App\Controllers\Buku->save()
#10 D:\Server\htdocs\xirpl2\system\CodeIgniter.php(457): CodeIgniter\CodeIgniter->runController(Object(App\Controllers\Buku))
#11 D:\Server\htdocs\xirpl2\system\CodeIgniter.php(340): CodeIgniter\CodeIgniter->handleRequest(NULL, Object(Config\Cache), false)
#12 D:\Server\htdocs\xirpl2\public\index.php(67): CodeIgniter\CodeIgniter->run()
#13 D:\Server\htdocs\xirpl2\system\Commands\Server\rewrite.php(43): require_once('D:\\Server\\htdoc...')
#14 {main}
CRITICAL - 2022-10-26 20:34:51 --> Column 'sampul' cannot be null
in SYSTEMPATH\Database\MySQLi\Connection.php on line 292.
 1 SYSTEMPATH\Database\MySQLi\Connection.php(292): mysqli->query('INSERT INTO `buku` (`judul`, `slug`, `kelas`, `penulis`, `penerbit`, `sampul`) VALUES (\'jk\', \'jk\', \'\', \'\', \'\', NULL)', 0)
 2 SYSTEMPATH\Database\BaseConnection.php(693): CodeIgniter\Database\MySQLi\Connection->execute('INSERT INTO `buku` (`judul`, `slug`, `kelas`, `penulis`, `penerbit`, `sampul`) VALUES (\'jk\', \'jk\', \'\', \'\', \'\', NULL)')
 3 SYSTEMPATH\Database\BaseConnection.php(620): CodeIgniter\Database\BaseConnection->simpleQuery('INSERT INTO `buku` (`judul`, `slug`, `kelas`, `penulis`, `penerbit`, `sampul`) VALUES (\'jk\', \'jk\', \'\', \'\', \'\', NULL)')
 4 SYSTEMPATH\Database\BaseBuilder.php(1916): CodeIgniter\Database\BaseConnection->query('INSERT INTO `buku` (`judul`, `slug`, `kelas`, `penulis`, `penerbit`, `sampul`) VALUES (:judul:, :slug:, :kelas:, :penulis:, :penerbit:, :sampul:)', [...], false)
 5 SYSTEMPATH\Model.php(278): CodeIgniter\Database\BaseBuilder->insert()
 6 SYSTEMPATH\BaseModel.php(738): CodeIgniter\Model->doInsert([...])
 7 SYSTEMPATH\Model.php(666): CodeIgniter\BaseModel->insert([...], false)
 8 SYSTEMPATH\BaseModel.php(658): CodeIgniter\Model->insert([...], false)
 9 APPPATH\Controllers\Buku.php(117): CodeIgniter\BaseModel->save([...])
10 SYSTEMPATH\CodeIgniter.php(904): App\Controllers\Buku->save()
11 SYSTEMPATH\CodeIgniter.php(457): CodeIgniter\CodeIgniter->runController(Object(App\Controllers\Buku))
12 SYSTEMPATH\CodeIgniter.php(340): CodeIgniter\CodeIgniter->handleRequest(null, Object(Config\Cache), false)
13 FCPATH\index.php(67): CodeIgniter\CodeIgniter->run()
14 SYSTEMPATH\Commands\Server\rewrite.php(43): require_once('FCPATH\\index.php')
CRITICAL - 2022-10-26 20:53:27 --> Call to a member function getName() on null
in APPPATH\Controllers\Buku.php on line 114.
 1 SYSTEMPATH\CodeIgniter.php(904): App\Controllers\Buku->save()
 2 SYSTEMPATH\CodeIgniter.php(457): CodeIgniter\CodeIgniter->runController(Object(App\Controllers\Buku))
 3 SYSTEMPATH\CodeIgniter.php(340): CodeIgniter\CodeIgniter->handleRequest(null, Object(Config\Cache), false)
 4 FCPATH\index.php(67): CodeIgniter\CodeIgniter->run()
 5 SYSTEMPATH\Commands\Server\rewrite.php(43): require_once('FCPATH\\index.php')
CRITICAL - 2022-10-26 20:54:47 --> Call to a member function move() on null
in APPPATH\Controllers\Buku.php on line 114.
 1 SYSTEMPATH\CodeIgniter.php(904): App\Controllers\Buku->save()
 2 SYSTEMPATH\CodeIgniter.php(457): CodeIgniter\CodeIgniter->runController(Object(App\Controllers\Buku))
 3 SYSTEMPATH\CodeIgniter.php(340): CodeIgniter\CodeIgniter->handleRequest(null, Object(Config\Cache), false)
 4 FCPATH\index.php(67): CodeIgniter\CodeIgniter->run()
 5 SYSTEMPATH\Commands\Server\rewrite.php(43): require_once('FCPATH\\index.php')
CRITICAL - 2022-10-26 20:54:53 --> Call to a member function move() on null
in APPPATH\Controllers\Buku.php on line 114.
 1 SYSTEMPATH\CodeIgniter.php(904): App\Controllers\Buku->save()
 2 SYSTEMPATH\CodeIgniter.php(457): CodeIgniter\CodeIgniter->runController(Object(App\Controllers\Buku))
 3 SYSTEMPATH\CodeIgniter.php(340): CodeIgniter\CodeIgniter->handleRequest(null, Object(Config\Cache), false)
 4 FCPATH\index.php(67): CodeIgniter\CodeIgniter->run()
 5 SYSTEMPATH\Commands\Server\rewrite.php(43): require_once('FCPATH\\index.php')
CRITICAL - 2022-10-26 20:56:24 --> Call to a member function move() on null
in APPPATH\Controllers\Buku.php on line 114.
 1 SYSTEMPATH\CodeIgniter.php(904): App\Controllers\Buku->save()
 2 SYSTEMPATH\CodeIgniter.php(457): CodeIgniter\CodeIgniter->runController(Object(App\Controllers\Buku))
 3 SYSTEMPATH\CodeIgniter.php(340): CodeIgniter\CodeIgniter->handleRequest(null, Object(Config\Cache), false)
 4 FCPATH\index.php(67): CodeIgniter\CodeIgniter->run()
 5 SYSTEMPATH\Commands\Server\rewrite.php(43): require_once('FCPATH\\index.php')
CRITICAL - 2022-10-26 20:57:24 --> Call to a member function move() on null
in APPPATH\Controllers\Buku.php on line 114.
 1 SYSTEMPATH\CodeIgniter.php(904): App\Controllers\Buku->save()
 2 SYSTEMPATH\CodeIgniter.php(457): CodeIgniter\CodeIgniter->runController(Object(App\Controllers\Buku))
 3 SYSTEMPATH\CodeIgniter.php(340): CodeIgniter\CodeIgniter->handleRequest(null, Object(Config\Cache), false)
 4 FCPATH\index.php(67): CodeIgniter\CodeIgniter->run()
 5 SYSTEMPATH\Commands\Server\rewrite.php(43): require_once('FCPATH\\index.php')
CRITICAL - 2022-10-26 21:00:46 --> Call to a member function move() on null
in APPPATH\Controllers\Buku.php on line 114.
 1 SYSTEMPATH\CodeIgniter.php(904): App\Controllers\Buku->save()
 2 SYSTEMPATH\CodeIgniter.php(457): CodeIgniter\CodeIgniter->runController(Object(App\Controllers\Buku))
 3 SYSTEMPATH\CodeIgniter.php(340): CodeIgniter\CodeIgniter->handleRequest(null, Object(Config\Cache), false)
 4 FCPATH\index.php(67): CodeIgniter\CodeIgniter->run()
 5 SYSTEMPATH\Commands\Server\rewrite.php(43): require_once('FCPATH\\index.php')
CRITICAL - 2022-10-26 21:01:01 --> Call to a member function move() on null
in APPPATH\Controllers\Buku.php on line 114.
 1 SYSTEMPATH\CodeIgniter.php(904): App\Controllers\Buku->save()
 2 SYSTEMPATH\CodeIgniter.php(457): CodeIgniter\CodeIgniter->runController(Object(App\Controllers\Buku))
 3 SYSTEMPATH\CodeIgniter.php(340): CodeIgniter\CodeIgniter->handleRequest(null, Object(Config\Cache), false)
 4 FCPATH\index.php(67): CodeIgniter\CodeIgniter->run()
 5 SYSTEMPATH\Commands\Server\rewrite.php(43): require_once('FCPATH\\index.php')
CRITICAL - 2022-10-26 21:02:13 --> Call to a member function move() on null
in APPPATH\Controllers\Buku.php on line 114.
 1 SYSTEMPATH\CodeIgniter.php(904): App\Controllers\Buku->save()
 2 SYSTEMPATH\CodeIgniter.php(457): CodeIgniter\CodeIgniter->runController(Object(App\Controllers\Buku))
 3 SYSTEMPATH\CodeIgniter.php(340): CodeIgniter\CodeIgniter->handleRequest(null, Object(Config\Cache), false)
 4 FCPATH\index.php(67): CodeIgniter\CodeIgniter->run()
 5 SYSTEMPATH\Commands\Server\rewrite.php(43): require_once('FCPATH\\index.php')
CRITICAL - 2022-10-26 21:03:31 --> Call to a member function move() on null
in APPPATH\Controllers\Buku.php on line 114.
 1 SYSTEMPATH\CodeIgniter.php(904): App\Controllers\Buku->save()
 2 SYSTEMPATH\CodeIgniter.php(457): CodeIgniter\CodeIgniter->runController(Object(App\Controllers\Buku))
 3 SYSTEMPATH\CodeIgniter.php(340): CodeIgniter\CodeIgniter->handleRequest(null, Object(Config\Cache), false)
 4 FCPATH\index.php(67): CodeIgniter\CodeIgniter->run()
 5 SYSTEMPATH\Commands\Server\rewrite.php(43): require_once('FCPATH\\index.php')
CRITICAL - 2022-10-26 21:03:49 --> Call to a member function move() on null
in APPPATH\Controllers\Buku.php on line 114.
 1 SYSTEMPATH\CodeIgniter.php(904): App\Controllers\Buku->save()
 2 SYSTEMPATH\CodeIgniter.php(457): CodeIgniter\CodeIgniter->runController(Object(App\Controllers\Buku))
 3 SYSTEMPATH\CodeIgniter.php(340): CodeIgniter\CodeIgniter->handleRequest(null, Object(Config\Cache), false)
 4 FCPATH\index.php(67): CodeIgniter\CodeIgniter->run()
 5 SYSTEMPATH\Commands\Server\rewrite.php(43): require_once('FCPATH\\index.php')
CRITICAL - 2022-10-26 21:04:03 --> Call to a member function move() on null
in APPPATH\Controllers\Buku.php on line 114.
 1 SYSTEMPATH\CodeIgniter.php(904): App\Controllers\Buku->save()
 2 SYSTEMPATH\CodeIgniter.php(457): CodeIgniter\CodeIgniter->runController(Object(App\Controllers\Buku))
 3 SYSTEMPATH\CodeIgniter.php(340): CodeIgniter\CodeIgniter->handleRequest(null, Object(Config\Cache), false)
 4 FCPATH\index.php(67): CodeIgniter\CodeIgniter->run()
 5 SYSTEMPATH\Commands\Server\rewrite.php(43): require_once('FCPATH\\index.php')
CRITICAL - 2022-10-26 21:11:13 --> Undefined variable: naa
in APPPATH\Controllers\Buku.php on line 119.
 1 APPPATH\Controllers\Buku.php(119): CodeIgniter\Debug\Exceptions->errorHandler(8, 'Undefined variable: naa', 'APPPATH\\Controllers\\Buku.php', 119, [...])
 2 SYSTEMPATH\CodeIgniter.php(904): App\Controllers\Buku->save()
 3 SYSTEMPATH\CodeIgniter.php(457): CodeIgniter\CodeIgniter->runController(Object(App\Controllers\Buku))
 4 SYSTEMPATH\CodeIgniter.php(340): CodeIgniter\CodeIgniter->handleRequest(null, Object(Config\Cache), false)
 5 FCPATH\index.php(67): CodeIgniter\CodeIgniter->run()
 6 SYSTEMPATH\Commands\Server\rewrite.php(43): require_once('FCPATH\\index.php')
CRITICAL - 2022-10-26 21:27:27 --> syntax error, unexpected '=>' (T_DOUBLE_ARROW)
in APPPATH\Controllers\Buku.php on line 222.
 1 SYSTEMPATH\Router\Router.php(499): CodeIgniter\Router\AutoRouter->getRoute('buku/save')
 2 SYSTEMPATH\Router\Router.php(205): CodeIgniter\Router\Router->autoRoute('buku/save')
 3 SYSTEMPATH\CodeIgniter.php(779): CodeIgniter\Router\Router->handle('buku/save')
 4 SYSTEMPATH\CodeIgniter.php(406): CodeIgniter\CodeIgniter->tryToRouteIt(Object(CodeIgniter\Router\RouteCollection))
 5 SYSTEMPATH\CodeIgniter.php(340): CodeIgniter\CodeIgniter->handleRequest(null, Object(Config\Cache), false)
 6 FCPATH\index.php(67): CodeIgniter\CodeIgniter->run()
 7 SYSTEMPATH\Commands\Server\rewrite.php(43): require_once('FCPATH\\index.php')
CRITICAL - 2022-10-26 21:34:09 --> syntax error, unexpected '=>' (T_DOUBLE_ARROW)
in APPPATH\Controllers\Buku.php on line 223.
 1 SYSTEMPATH\Router\Router.php(499): CodeIgniter\Router\AutoRouter->getRoute('buku/save')
 2 SYSTEMPATH\Router\Router.php(205): CodeIgniter\Router\Router->autoRoute('buku/save')
 3 SYSTEMPATH\CodeIgniter.php(779): CodeIgniter\Router\Router->handle('buku/save')
 4 SYSTEMPATH\CodeIgniter.php(406): CodeIgniter\CodeIgniter->tryToRouteIt(Object(CodeIgniter\Router\RouteCollection))
 5 SYSTEMPATH\CodeIgniter.php(340): CodeIgniter\CodeIgniter->handleRequest(null, Object(Config\Cache), false)
 6 FCPATH\index.php(67): CodeIgniter\CodeIgniter->run()
 7 SYSTEMPATH\Commands\Server\rewrite.php(43): require_once('FCPATH\\index.php')
CRITICAL - 2022-10-26 21:36:44 --> Call to a member function getError() on null
in APPPATH\Controllers\Buku.php on line 113.
 1 SYSTEMPATH\CodeIgniter.php(904): App\Controllers\Buku->save()
 2 SYSTEMPATH\CodeIgniter.php(457): CodeIgniter\CodeIgniter->runController(Object(App\Controllers\Buku))
 3 SYSTEMPATH\CodeIgniter.php(340): CodeIgniter\CodeIgniter->handleRequest(null, Object(Config\Cache), false)
 4 FCPATH\index.php(67): CodeIgniter\CodeIgniter->run()
 5 SYSTEMPATH\Commands\Server\rewrite.php(43): require_once('FCPATH\\index.php')
CRITICAL - 2022-10-26 21:48:16 --> Call to a member function getError() on null
in APPPATH\Controllers\Buku.php on line 113.
 1 SYSTEMPATH\CodeIgniter.php(904): App\Controllers\Buku->save()
 2 SYSTEMPATH\CodeIgniter.php(457): CodeIgniter\CodeIgniter->runController(Object(App\Controllers\Buku))
 3 SYSTEMPATH\CodeIgniter.php(340): CodeIgniter\CodeIgniter->handleRequest(null, Object(Config\Cache), false)
 4 FCPATH\index.php(67): CodeIgniter\CodeIgniter->run()
 5 SYSTEMPATH\Commands\Server\rewrite.php(43): require_once('FCPATH\\index.php')
