CRITICAL - 2022-10-10 20:21:07 --> Trying to access array offset on value of type null
in APPPATH\Views\buku\detail.php on line 10.
 1 APPPATH\Views\buku\detail.php(10): CodeIgniter\Debug\Exceptions->errorHandler(8, 'Trying to access array offset on value of type null', 'APPPATH\\Views\\buku\\detail.php', 10, [...])
 2 SYSTEMPATH\View\View.php(213): include('APPPATH\\Views\\buku\\detail.php')
 3 SYSTEMPATH\View\View.php(216): CodeIgniter\View\View->CodeIgniter\View\{closure}()
 4 SYSTEMPATH\Common.php(1137): CodeIgniter\View\View->render('buku/detail', [], true)
 5 APPPATH\Controllers\Buku.php(31): view('buku/detail', [...])
 6 SYSTEMPATH\CodeIgniter.php(904): App\Controllers\Buku->detail('edit', 'bahasa-inggris')
 7 SYSTEMPATH\CodeIgniter.php(457): CodeIgniter\CodeIgniter->runController(Object(App\Controllers\Buku))
 8 SYSTEMPATH\CodeIgniter.php(340): CodeIgniter\CodeIgniter->handleRequest(null, Object(Config\Cache), false)
 9 FCPATH\index.php(67): CodeIgniter\CodeIgniter->run()
10 SYSTEMPATH\Commands\Server\rewrite.php(43): require_once('FCPATH\\index.php')
CRITICAL - 2022-10-10 21:27:28 --> Trying to access array offset on value of type null
in APPPATH\Views\buku\detail.php on line 10.
 1 APPPATH\Views\buku\detail.php(10): CodeIgniter\Debug\Exceptions->errorHandler(8, 'Trying to access array offset on value of type null', 'APPPATH\\Views\\buku\\detail.php', 10, [...])
 2 SYSTEMPATH\View\View.php(213): include('APPPATH\\Views\\buku\\detail.php')
 3 SYSTEMPATH\View\View.php(216): CodeIgniter\View\View->CodeIgniter\View\{closure}()
 4 SYSTEMPATH\Common.php(1137): CodeIgniter\View\View->render('buku/detail', [], true)
 5 APPPATH\Controllers\Buku.php(31): view('buku/detail', [...])
 6 SYSTEMPATH\CodeIgniter.php(904): App\Controllers\Buku->detail('edit', 'matematika')
 7 SYSTEMPATH\CodeIgniter.php(457): CodeIgniter\CodeIgniter->runController(Object(App\Controllers\Buku))
 8 SYSTEMPATH\CodeIgniter.php(340): CodeIgniter\CodeIgniter->handleRequest(null, Object(Config\Cache), false)
 9 FCPATH\index.php(67): CodeIgniter\CodeIgniter->run()
10 SYSTEMPATH\Commands\Server\rewrite.php(43): require_once('FCPATH\\index.php')
CRITICAL - 2022-10-10 21:52:36 --> Function name must be a string
in APPPATH\Views\buku\edit.php on line 14.
 1 SYSTEMPATH\View\View.php(213): include()
 2 SYSTEMPATH\View\View.php(216): CodeIgniter\View\View->CodeIgniter\View\{closure}()
 3 SYSTEMPATH\Common.php(1137): CodeIgniter\View\View->render('buku/edit', [], true)
 4 APPPATH\Controllers\Buku.php(87): view('buku/edit', [...])
 5 SYSTEMPATH\CodeIgniter.php(904): App\Controllers\Buku->edit('bahasa-inggris')
 6 SYSTEMPATH\CodeIgniter.php(457): CodeIgniter\CodeIgniter->runController(Object(App\Controllers\Buku))
 7 SYSTEMPATH\CodeIgniter.php(340): CodeIgniter\CodeIgniter->handleRequest(null, Object(Config\Cache), false)
 8 FCPATH\index.php(67): CodeIgniter\CodeIgniter->run()
 9 SYSTEMPATH\Commands\Server\rewrite.php(43): require_once('FCPATH\\index.php')
