ERROR - 2022-10-25 21:33:42 --> mysqli_sql_exception: Column 'sampul' cannot be null in D:\Server\htdocs\xirpl2\system\Database\MySQLi\Connection.php:292
Stack trace:
#0 D:\Server\htdocs\xirpl2\system\Database\MySQLi\Connection.php(292): mysqli->query('INSERT INTO `bu...', 0)
#1 D:\Server\htdocs\xirpl2\system\Database\BaseConnection.php(693): CodeIgniter\Database\MySQLi\Connection->execute('INSERT INTO `bu...')
#2 D:\Server\htdocs\xirpl2\system\Database\BaseConnection.php(620): CodeIgniter\Database\BaseConnection->simpleQuery('INSERT INTO `bu...')
#3 D:\Server\htdocs\xirpl2\system\Database\BaseBuilder.php(1916): CodeIgniter\Database\BaseConnection->query('INSERT INTO `bu...', Array, false)
#4 D:\Server\htdocs\xirpl2\system\Model.php(278): CodeIgniter\Database\BaseBuilder->insert()
#5 D:\Server\htdocs\xirpl2\system\BaseModel.php(738): CodeIgniter\Model->doInsert(Array)
#6 D:\Server\htdocs\xirpl2\system\Model.php(666): CodeIgniter\BaseModel->insert(Array, false)
#7 D:\Server\htdocs\xirpl2\system\BaseModel.php(658): CodeIgniter\Model->insert(Array, false)
#8 D:\Server\htdocs\xirpl2\app\Controllers\Buku.php(108): CodeIgniter\BaseModel->save(Array)
#9 D:\Server\htdocs\xirpl2\system\CodeIgniter.php(904): App\Controllers\Buku->save()
#10 D:\Server\htdocs\xirpl2\system\CodeIgniter.php(457): CodeIgniter\CodeIgniter->runController(Object(App\Controllers\Buku))
#11 D:\Server\htdocs\xirpl2\system\CodeIgniter.php(340): CodeIgniter\CodeIgniter->handleRequest(NULL, Object(Config\Cache), false)
#12 D:\Server\htdocs\xirpl2\public\index.php(67): CodeIgniter\CodeIgniter->run()
#13 D:\Server\htdocs\xirpl2\system\Commands\Server\rewrite.php(43): require_once('D:\\Server\\htdoc...')
#14 {main}
CRITICAL - 2022-10-25 21:33:42 --> Column 'sampul' cannot be null
in SYSTEMPATH\Database\MySQLi\Connection.php on line 292.
 1 SYSTEMPATH\Database\MySQLi\Connection.php(292): mysqli->query('INSERT INTO `buku` (`judul`, `slug`, `kelas`, `penulis`, `penerbit`, `sampul`) VALUES (\'fh\', \'fh\', \'\', \'\', \'\', NULL)', 0)
 2 SYSTEMPATH\Database\BaseConnection.php(693): CodeIgniter\Database\MySQLi\Connection->execute('INSERT INTO `buku` (`judul`, `slug`, `kelas`, `penulis`, `penerbit`, `sampul`) VALUES (\'fh\', \'fh\', \'\', \'\', \'\', NULL)')
 3 SYSTEMPATH\Database\BaseConnection.php(620): CodeIgniter\Database\BaseConnection->simpleQuery('INSERT INTO `buku` (`judul`, `slug`, `kelas`, `penulis`, `penerbit`, `sampul`) VALUES (\'fh\', \'fh\', \'\', \'\', \'\', NULL)')
 4 SYSTEMPATH\Database\BaseBuilder.php(1916): CodeIgniter\Database\BaseConnection->query('INSERT INTO `buku` (`judul`, `slug`, `kelas`, `penulis`, `penerbit`, `sampul`) VALUES (:judul:, :slug:, :kelas:, :penulis:, :penerbit:, :sampul:)', [...], false)
 5 SYSTEMPATH\Model.php(278): CodeIgniter\Database\BaseBuilder->insert()
 6 SYSTEMPATH\BaseModel.php(738): CodeIgniter\Model->doInsert([...])
 7 SYSTEMPATH\Model.php(666): CodeIgniter\BaseModel->insert([...], false)
 8 SYSTEMPATH\BaseModel.php(658): CodeIgniter\Model->insert([...], false)
 9 APPPATH\Controllers\Buku.php(108): CodeIgniter\BaseModel->save([...])
10 SYSTEMPATH\CodeIgniter.php(904): App\Controllers\Buku->save()
11 SYSTEMPATH\CodeIgniter.php(457): CodeIgniter\CodeIgniter->runController(Object(App\Controllers\Buku))
12 SYSTEMPATH\CodeIgniter.php(340): CodeIgniter\CodeIgniter->handleRequest(null, Object(Config\Cache), false)
13 FCPATH\index.php(67): CodeIgniter\CodeIgniter->run()
14 SYSTEMPATH\Commands\Server\rewrite.php(43): require_once('FCPATH\\index.php')
ERROR - 2022-10-25 21:36:55 --> mysqli_sql_exception: Column 'sampul' cannot be null in D:\Server\htdocs\xirpl2\system\Database\MySQLi\Connection.php:292
Stack trace:
#0 D:\Server\htdocs\xirpl2\system\Database\MySQLi\Connection.php(292): mysqli->query('INSERT INTO `bu...', 0)
#1 D:\Server\htdocs\xirpl2\system\Database\BaseConnection.php(693): CodeIgniter\Database\MySQLi\Connection->execute('INSERT INTO `bu...')
#2 D:\Server\htdocs\xirpl2\system\Database\BaseConnection.php(620): CodeIgniter\Database\BaseConnection->simpleQuery('INSERT INTO `bu...')
#3 D:\Server\htdocs\xirpl2\system\Database\BaseBuilder.php(1916): CodeIgniter\Database\BaseConnection->query('INSERT INTO `bu...', Array, false)
#4 D:\Server\htdocs\xirpl2\system\Model.php(278): CodeIgniter\Database\BaseBuilder->insert()
#5 D:\Server\htdocs\xirpl2\system\BaseModel.php(738): CodeIgniter\Model->doInsert(Array)
#6 D:\Server\htdocs\xirpl2\system\Model.php(666): CodeIgniter\BaseModel->insert(Array, false)
#7 D:\Server\htdocs\xirpl2\system\BaseModel.php(658): CodeIgniter\Model->insert(Array, false)
#8 D:\Server\htdocs\xirpl2\app\Controllers\Buku.php(108): CodeIgniter\BaseModel->save(Array)
#9 D:\Server\htdocs\xirpl2\system\CodeIgniter.php(904): App\Controllers\Buku->save()
#10 D:\Server\htdocs\xirpl2\system\CodeIgniter.php(457): CodeIgniter\CodeIgniter->runController(Object(App\Controllers\Buku))
#11 D:\Server\htdocs\xirpl2\system\CodeIgniter.php(340): CodeIgniter\CodeIgniter->handleRequest(NULL, Object(Config\Cache), false)
#12 D:\Server\htdocs\xirpl2\public\index.php(67): CodeIgniter\CodeIgniter->run()
#13 D:\Server\htdocs\xirpl2\system\Commands\Server\rewrite.php(43): require_once('D:\\Server\\htdoc...')
#14 {main}
CRITICAL - 2022-10-25 21:36:55 --> Column 'sampul' cannot be null
in SYSTEMPATH\Database\MySQLi\Connection.php on line 292.
 1 SYSTEMPATH\Database\MySQLi\Connection.php(292): mysqli->query('INSERT INTO `buku` (`judul`, `slug`, `kelas`, `penulis`, `penerbit`, `sampul`) VALUES (\'fh\', \'fh\', \'\', \'\', \'\', NULL)', 0)
 2 SYSTEMPATH\Database\BaseConnection.php(693): CodeIgniter\Database\MySQLi\Connection->execute('INSERT INTO `buku` (`judul`, `slug`, `kelas`, `penulis`, `penerbit`, `sampul`) VALUES (\'fh\', \'fh\', \'\', \'\', \'\', NULL)')
 3 SYSTEMPATH\Database\BaseConnection.php(620): CodeIgniter\Database\BaseConnection->simpleQuery('INSERT INTO `buku` (`judul`, `slug`, `kelas`, `penulis`, `penerbit`, `sampul`) VALUES (\'fh\', \'fh\', \'\', \'\', \'\', NULL)')
 4 SYSTEMPATH\Database\BaseBuilder.php(1916): CodeIgniter\Database\BaseConnection->query('INSERT INTO `buku` (`judul`, `slug`, `kelas`, `penulis`, `penerbit`, `sampul`) VALUES (:judul:, :slug:, :kelas:, :penulis:, :penerbit:, :sampul:)', [...], false)
 5 SYSTEMPATH\Model.php(278): CodeIgniter\Database\BaseBuilder->insert()
 6 SYSTEMPATH\BaseModel.php(738): CodeIgniter\Model->doInsert([...])
 7 SYSTEMPATH\Model.php(666): CodeIgniter\BaseModel->insert([...], false)
 8 SYSTEMPATH\BaseModel.php(658): CodeIgniter\Model->insert([...], false)
 9 APPPATH\Controllers\Buku.php(108): CodeIgniter\BaseModel->save([...])
10 SYSTEMPATH\CodeIgniter.php(904): App\Controllers\Buku->save()
11 SYSTEMPATH\CodeIgniter.php(457): CodeIgniter\CodeIgniter->runController(Object(App\Controllers\Buku))
12 SYSTEMPATH\CodeIgniter.php(340): CodeIgniter\CodeIgniter->handleRequest(null, Object(Config\Cache), false)
13 FCPATH\index.php(67): CodeIgniter\CodeIgniter->run()
14 SYSTEMPATH\Commands\Server\rewrite.php(43): require_once('FCPATH\\index.php')
ERROR - 2022-10-25 21:37:03 --> mysqli_sql_exception: Column 'sampul' cannot be null in D:\Server\htdocs\xirpl2\system\Database\MySQLi\Connection.php:292
Stack trace:
#0 D:\Server\htdocs\xirpl2\system\Database\MySQLi\Connection.php(292): mysqli->query('INSERT INTO `bu...', 0)
#1 D:\Server\htdocs\xirpl2\system\Database\BaseConnection.php(693): CodeIgniter\Database\MySQLi\Connection->execute('INSERT INTO `bu...')
#2 D:\Server\htdocs\xirpl2\system\Database\BaseConnection.php(620): CodeIgniter\Database\BaseConnection->simpleQuery('INSERT INTO `bu...')
#3 D:\Server\htdocs\xirpl2\system\Database\BaseBuilder.php(1916): CodeIgniter\Database\BaseConnection->query('INSERT INTO `bu...', Array, false)
#4 D:\Server\htdocs\xirpl2\system\Model.php(278): CodeIgniter\Database\BaseBuilder->insert()
#5 D:\Server\htdocs\xirpl2\system\BaseModel.php(738): CodeIgniter\Model->doInsert(Array)
#6 D:\Server\htdocs\xirpl2\system\Model.php(666): CodeIgniter\BaseModel->insert(Array, false)
#7 D:\Server\htdocs\xirpl2\system\BaseModel.php(658): CodeIgniter\Model->insert(Array, false)
#8 D:\Server\htdocs\xirpl2\app\Controllers\Buku.php(108): CodeIgniter\BaseModel->save(Array)
#9 D:\Server\htdocs\xirpl2\system\CodeIgniter.php(904): App\Controllers\Buku->save()
#10 D:\Server\htdocs\xirpl2\system\CodeIgniter.php(457): CodeIgniter\CodeIgniter->runController(Object(App\Controllers\Buku))
#11 D:\Server\htdocs\xirpl2\system\CodeIgniter.php(340): CodeIgniter\CodeIgniter->handleRequest(NULL, Object(Config\Cache), false)
#12 D:\Server\htdocs\xirpl2\public\index.php(67): CodeIgniter\CodeIgniter->run()
#13 D:\Server\htdocs\xirpl2\system\Commands\Server\rewrite.php(43): require_once('D:\\Server\\htdoc...')
#14 {main}
CRITICAL - 2022-10-25 21:37:03 --> Column 'sampul' cannot be null
in SYSTEMPATH\Database\MySQLi\Connection.php on line 292.
 1 SYSTEMPATH\Database\MySQLi\Connection.php(292): mysqli->query('INSERT INTO `buku` (`judul`, `slug`, `kelas`, `penulis`, `penerbit`, `sampul`) VALUES (\'fh\', \'fh\', \'\', \'\', \'\', NULL)', 0)
 2 SYSTEMPATH\Database\BaseConnection.php(693): CodeIgniter\Database\MySQLi\Connection->execute('INSERT INTO `buku` (`judul`, `slug`, `kelas`, `penulis`, `penerbit`, `sampul`) VALUES (\'fh\', \'fh\', \'\', \'\', \'\', NULL)')
 3 SYSTEMPATH\Database\BaseConnection.php(620): CodeIgniter\Database\BaseConnection->simpleQuery('INSERT INTO `buku` (`judul`, `slug`, `kelas`, `penulis`, `penerbit`, `sampul`) VALUES (\'fh\', \'fh\', \'\', \'\', \'\', NULL)')
 4 SYSTEMPATH\Database\BaseBuilder.php(1916): CodeIgniter\Database\BaseConnection->query('INSERT INTO `buku` (`judul`, `slug`, `kelas`, `penulis`, `penerbit`, `sampul`) VALUES (:judul:, :slug:, :kelas:, :penulis:, :penerbit:, :sampul:)', [...], false)
 5 SYSTEMPATH\Model.php(278): CodeIgniter\Database\BaseBuilder->insert()
 6 SYSTEMPATH\BaseModel.php(738): CodeIgniter\Model->doInsert([...])
 7 SYSTEMPATH\Model.php(666): CodeIgniter\BaseModel->insert([...], false)
 8 SYSTEMPATH\BaseModel.php(658): CodeIgniter\Model->insert([...], false)
 9 APPPATH\Controllers\Buku.php(108): CodeIgniter\BaseModel->save([...])
10 SYSTEMPATH\CodeIgniter.php(904): App\Controllers\Buku->save()
11 SYSTEMPATH\CodeIgniter.php(457): CodeIgniter\CodeIgniter->runController(Object(App\Controllers\Buku))
12 SYSTEMPATH\CodeIgniter.php(340): CodeIgniter\CodeIgniter->handleRequest(null, Object(Config\Cache), false)
13 FCPATH\index.php(67): CodeIgniter\CodeIgniter->run()
14 SYSTEMPATH\Commands\Server\rewrite.php(43): require_once('FCPATH\\index.php')
ERROR - 2022-10-25 21:38:44 --> mysqli_sql_exception: Column 'sampul' cannot be null in D:\Server\htdocs\xirpl2\system\Database\MySQLi\Connection.php:292
Stack trace:
#0 D:\Server\htdocs\xirpl2\system\Database\MySQLi\Connection.php(292): mysqli->query('INSERT INTO `bu...', 0)
#1 D:\Server\htdocs\xirpl2\system\Database\BaseConnection.php(693): CodeIgniter\Database\MySQLi\Connection->execute('INSERT INTO `bu...')
#2 D:\Server\htdocs\xirpl2\system\Database\BaseConnection.php(620): CodeIgniter\Database\BaseConnection->simpleQuery('INSERT INTO `bu...')
#3 D:\Server\htdocs\xirpl2\system\Database\BaseBuilder.php(1916): CodeIgniter\Database\BaseConnection->query('INSERT INTO `bu...', Array, false)
#4 D:\Server\htdocs\xirpl2\system\Model.php(278): CodeIgniter\Database\BaseBuilder->insert()
#5 D:\Server\htdocs\xirpl2\system\BaseModel.php(738): CodeIgniter\Model->doInsert(Array)
#6 D:\Server\htdocs\xirpl2\system\Model.php(666): CodeIgniter\BaseModel->insert(Array, false)
#7 D:\Server\htdocs\xirpl2\system\BaseModel.php(658): CodeIgniter\Model->insert(Array, false)
#8 D:\Server\htdocs\xirpl2\app\Controllers\Buku.php(108): CodeIgniter\BaseModel->save(Array)
#9 D:\Server\htdocs\xirpl2\system\CodeIgniter.php(904): App\Controllers\Buku->save()
#10 D:\Server\htdocs\xirpl2\system\CodeIgniter.php(457): CodeIgniter\CodeIgniter->runController(Object(App\Controllers\Buku))
#11 D:\Server\htdocs\xirpl2\system\CodeIgniter.php(340): CodeIgniter\CodeIgniter->handleRequest(NULL, Object(Config\Cache), false)
#12 D:\Server\htdocs\xirpl2\public\index.php(67): CodeIgniter\CodeIgniter->run()
#13 D:\Server\htdocs\xirpl2\system\Commands\Server\rewrite.php(43): require_once('D:\\Server\\htdoc...')
#14 {main}
CRITICAL - 2022-10-25 21:38:44 --> Column 'sampul' cannot be null
in SYSTEMPATH\Database\MySQLi\Connection.php on line 292.
 1 SYSTEMPATH\Database\MySQLi\Connection.php(292): mysqli->query('INSERT INTO `buku` (`judul`, `slug`, `kelas`, `penulis`, `penerbit`, `sampul`) VALUES (\'fh\', \'fh\', \'\', \'\', \'\', NULL)', 0)
 2 SYSTEMPATH\Database\BaseConnection.php(693): CodeIgniter\Database\MySQLi\Connection->execute('INSERT INTO `buku` (`judul`, `slug`, `kelas`, `penulis`, `penerbit`, `sampul`) VALUES (\'fh\', \'fh\', \'\', \'\', \'\', NULL)')
 3 SYSTEMPATH\Database\BaseConnection.php(620): CodeIgniter\Database\BaseConnection->simpleQuery('INSERT INTO `buku` (`judul`, `slug`, `kelas`, `penulis`, `penerbit`, `sampul`) VALUES (\'fh\', \'fh\', \'\', \'\', \'\', NULL)')
 4 SYSTEMPATH\Database\BaseBuilder.php(1916): CodeIgniter\Database\BaseConnection->query('INSERT INTO `buku` (`judul`, `slug`, `kelas`, `penulis`, `penerbit`, `sampul`) VALUES (:judul:, :slug:, :kelas:, :penulis:, :penerbit:, :sampul:)', [...], false)
 5 SYSTEMPATH\Model.php(278): CodeIgniter\Database\BaseBuilder->insert()
 6 SYSTEMPATH\BaseModel.php(738): CodeIgniter\Model->doInsert([...])
 7 SYSTEMPATH\Model.php(666): CodeIgniter\BaseModel->insert([...], false)
 8 SYSTEMPATH\BaseModel.php(658): CodeIgniter\Model->insert([...], false)
 9 APPPATH\Controllers\Buku.php(108): CodeIgniter\BaseModel->save([...])
10 SYSTEMPATH\CodeIgniter.php(904): App\Controllers\Buku->save()
11 SYSTEMPATH\CodeIgniter.php(457): CodeIgniter\CodeIgniter->runController(Object(App\Controllers\Buku))
12 SYSTEMPATH\CodeIgniter.php(340): CodeIgniter\CodeIgniter->handleRequest(null, Object(Config\Cache), false)
13 FCPATH\index.php(67): CodeIgniter\CodeIgniter->run()
14 SYSTEMPATH\Commands\Server\rewrite.php(43): require_once('FCPATH\\index.php')
ERROR - 2022-10-25 21:55:54 --> mysqli_sql_exception: Column 'sampul' cannot be null in D:\Server\htdocs\xirpl2\system\Database\MySQLi\Connection.php:292
Stack trace:
#0 D:\Server\htdocs\xirpl2\system\Database\MySQLi\Connection.php(292): mysqli->query('INSERT INTO `bu...', 0)
#1 D:\Server\htdocs\xirpl2\system\Database\BaseConnection.php(693): CodeIgniter\Database\MySQLi\Connection->execute('INSERT INTO `bu...')
#2 D:\Server\htdocs\xirpl2\system\Database\BaseConnection.php(620): CodeIgniter\Database\BaseConnection->simpleQuery('INSERT INTO `bu...')
#3 D:\Server\htdocs\xirpl2\system\Database\BaseBuilder.php(1916): CodeIgniter\Database\BaseConnection->query('INSERT INTO `bu...', Array, false)
#4 D:\Server\htdocs\xirpl2\system\Model.php(278): CodeIgniter\Database\BaseBuilder->insert()
#5 D:\Server\htdocs\xirpl2\system\BaseModel.php(738): CodeIgniter\Model->doInsert(Array)
#6 D:\Server\htdocs\xirpl2\system\Model.php(666): CodeIgniter\BaseModel->insert(Array, false)
#7 D:\Server\htdocs\xirpl2\system\BaseModel.php(658): CodeIgniter\Model->insert(Array, false)
#8 D:\Server\htdocs\xirpl2\app\Controllers\Buku.php(108): CodeIgniter\BaseModel->save(Array)
#9 D:\Server\htdocs\xirpl2\system\CodeIgniter.php(904): App\Controllers\Buku->save()
#10 D:\Server\htdocs\xirpl2\system\CodeIgniter.php(457): CodeIgniter\CodeIgniter->runController(Object(App\Controllers\Buku))
#11 D:\Server\htdocs\xirpl2\system\CodeIgniter.php(340): CodeIgniter\CodeIgniter->handleRequest(NULL, Object(Config\Cache), false)
#12 D:\Server\htdocs\xirpl2\public\index.php(67): CodeIgniter\CodeIgniter->run()
#13 D:\Server\htdocs\xirpl2\system\Commands\Server\rewrite.php(43): require_once('D:\\Server\\htdoc...')
#14 {main}
CRITICAL - 2022-10-25 21:55:54 --> Column 'sampul' cannot be null
in SYSTEMPATH\Database\MySQLi\Connection.php on line 292.
 1 SYSTEMPATH\Database\MySQLi\Connection.php(292): mysqli->query('INSERT INTO `buku` (`judul`, `slug`, `kelas`, `penulis`, `penerbit`, `sampul`) VALUES (\'fh\', \'fh\', \'\', \'\', \'\', NULL)', 0)
 2 SYSTEMPATH\Database\BaseConnection.php(693): CodeIgniter\Database\MySQLi\Connection->execute('INSERT INTO `buku` (`judul`, `slug`, `kelas`, `penulis`, `penerbit`, `sampul`) VALUES (\'fh\', \'fh\', \'\', \'\', \'\', NULL)')
 3 SYSTEMPATH\Database\BaseConnection.php(620): CodeIgniter\Database\BaseConnection->simpleQuery('INSERT INTO `buku` (`judul`, `slug`, `kelas`, `penulis`, `penerbit`, `sampul`) VALUES (\'fh\', \'fh\', \'\', \'\', \'\', NULL)')
 4 SYSTEMPATH\Database\BaseBuilder.php(1916): CodeIgniter\Database\BaseConnection->query('INSERT INTO `buku` (`judul`, `slug`, `kelas`, `penulis`, `penerbit`, `sampul`) VALUES (:judul:, :slug:, :kelas:, :penulis:, :penerbit:, :sampul:)', [...], false)
 5 SYSTEMPATH\Model.php(278): CodeIgniter\Database\BaseBuilder->insert()
 6 SYSTEMPATH\BaseModel.php(738): CodeIgniter\Model->doInsert([...])
 7 SYSTEMPATH\Model.php(666): CodeIgniter\BaseModel->insert([...], false)
 8 SYSTEMPATH\BaseModel.php(658): CodeIgniter\Model->insert([...], false)
 9 APPPATH\Controllers\Buku.php(108): CodeIgniter\BaseModel->save([...])
10 SYSTEMPATH\CodeIgniter.php(904): App\Controllers\Buku->save()
11 SYSTEMPATH\CodeIgniter.php(457): CodeIgniter\CodeIgniter->runController(Object(App\Controllers\Buku))
12 SYSTEMPATH\CodeIgniter.php(340): CodeIgniter\CodeIgniter->handleRequest(null, Object(Config\Cache), false)
13 FCPATH\index.php(67): CodeIgniter\CodeIgniter->run()
14 SYSTEMPATH\Commands\Server\rewrite.php(43): require_once('FCPATH\\index.php')
