CRITICAL - 2022-11-09 18:54:58 --> Object of class App\Models\OrangModel could not be converted to string
in APPPATH\Controllers\Orang.php on line 31.
 1 SYSTEMPATH\CodeIgniter.php(904): App\Controllers\orang->index()
 2 SYSTEMPATH\CodeIgniter.php(457): CodeIgniter\CodeIgniter->runController(Object(App\Controllers\orang))
 3 SYSTEMPATH\CodeIgniter.php(340): CodeIgniter\CodeIgniter->handleRequest(null, Object(Config\Cache), false)
 4 FCPATH\index.php(67): CodeIgniter\CodeIgniter->run()
 5 SYSTEMPATH\Commands\Server\rewrite.php(43): require_once('FCPATH\\index.php')
CRITICAL - 2022-11-09 18:55:25 --> Undefined variable: Orang
in APPPATH\Controllers\Orang.php on line 31.
 1 APPPATH\Controllers\Orang.php(31): CodeIgniter\Debug\Exceptions->errorHandler(8, 'Undefined variable: Orang', 'APPPATH\\Controllers\\Orang.php', 31, [...])
 2 SYSTEMPATH\CodeIgniter.php(904): App\Controllers\orang->index()
 3 SYSTEMPATH\CodeIgniter.php(457): CodeIgniter\CodeIgniter->runController(Object(App\Controllers\orang))
 4 SYSTEMPATH\CodeIgniter.php(340): CodeIgniter\CodeIgniter->handleRequest(null, Object(Config\Cache), false)
 5 FCPATH\index.php(67): CodeIgniter\CodeIgniter->run()
 6 SYSTEMPATH\Commands\Server\rewrite.php(43): require_once('FCPATH\\index.php')
CRITICAL - 2022-11-09 18:56:53 --> Object of class App\Models\orangModel could not be converted to string
in APPPATH\Controllers\Orang.php on line 31.
 1 SYSTEMPATH\CodeIgniter.php(904): App\Controllers\orang->index()
 2 SYSTEMPATH\CodeIgniter.php(457): CodeIgniter\CodeIgniter->runController(Object(App\Controllers\orang))
 3 SYSTEMPATH\CodeIgniter.php(340): CodeIgniter\CodeIgniter->handleRequest(null, Object(Config\Cache), false)
 4 FCPATH\index.php(67): CodeIgniter\CodeIgniter->run()
 5 SYSTEMPATH\Commands\Server\rewrite.php(43): require_once('FCPATH\\index.php')
CRITICAL - 2022-11-09 18:58:01 --> Undefined property: App\Controllers\orang::$OrangModel
in APPPATH\Controllers\Orang.php on line 32.
 1 APPPATH\Controllers\Orang.php(32): CodeIgniter\Debug\Exceptions->errorHandler(8, 'Undefined property: App\\Controllers\\orang::$OrangModel', 'APPPATH\\Controllers\\Orang.php', 32, [...])
 2 SYSTEMPATH\CodeIgniter.php(904): App\Controllers\orang->index()
 3 SYSTEMPATH\CodeIgniter.php(457): CodeIgniter\CodeIgniter->runController(Object(App\Controllers\orang))
 4 SYSTEMPATH\CodeIgniter.php(340): CodeIgniter\CodeIgniter->handleRequest(null, Object(Config\Cache), false)
 5 FCPATH\index.php(67): CodeIgniter\CodeIgniter->run()
 6 SYSTEMPATH\Commands\Server\rewrite.php(43): require_once('FCPATH\\index.php')
CRITICAL - 2022-11-09 19:23:13 --> Undefined variable: orang
in APPPATH\Controllers\Buku.php on line 30.
 1 APPPATH\Controllers\Buku.php(30): CodeIgniter\Debug\Exceptions->errorHandler(8, 'Undefined variable: orang', 'APPPATH\\Controllers\\Buku.php', 30, [...])
 2 SYSTEMPATH\CodeIgniter.php(904): App\Controllers\Buku->index()
 3 SYSTEMPATH\CodeIgniter.php(457): CodeIgniter\CodeIgniter->runController(Object(App\Controllers\Buku))
 4 SYSTEMPATH\CodeIgniter.php(340): CodeIgniter\CodeIgniter->handleRequest(null, Object(Config\Cache), false)
 5 FCPATH\index.php(67): CodeIgniter\CodeIgniter->run()
 6 SYSTEMPATH\Commands\Server\rewrite.php(43): require_once('FCPATH\\index.php')
CRITICAL - 2022-11-09 19:26:03 --> unlink(img/cs): No such file or directory
in APPPATH\Controllers\Buku.php on line 152.
 1 [internal function]: CodeIgniter\Debug\Exceptions->errorHandler(2, 'unlink(img/cs): No such file or directory', 'APPPATH\\Controllers\\Buku.php', 152, [...])
 2 APPPATH\Controllers\Buku.php(152): unlink('img/cs')
 3 SYSTEMPATH\CodeIgniter.php(904): App\Controllers\Buku->delete('21')
 4 SYSTEMPATH\CodeIgniter.php(457): CodeIgniter\CodeIgniter->runController(Object(App\Controllers\Buku))
 5 SYSTEMPATH\CodeIgniter.php(340): CodeIgniter\CodeIgniter->handleRequest(null, Object(Config\Cache), false)
 6 FCPATH\index.php(67): CodeIgniter\CodeIgniter->run()
 7 SYSTEMPATH\Commands\Server\rewrite.php(43): require_once('FCPATH\\index.php')
CRITICAL - 2022-11-09 19:26:44 --> unlink(img/cs): No such file or directory
in APPPATH\Controllers\Buku.php on line 152.
 1 [internal function]: CodeIgniter\Debug\Exceptions->errorHandler(2, 'unlink(img/cs): No such file or directory', 'APPPATH\\Controllers\\Buku.php', 152, [...])
 2 APPPATH\Controllers\Buku.php(152): unlink('img/cs')
 3 SYSTEMPATH\CodeIgniter.php(904): App\Controllers\Buku->delete('21')
 4 SYSTEMPATH\CodeIgniter.php(457): CodeIgniter\CodeIgniter->runController(Object(App\Controllers\Buku))
 5 SYSTEMPATH\CodeIgniter.php(340): CodeIgniter\CodeIgniter->handleRequest(null, Object(Config\Cache), false)
 6 FCPATH\index.php(67): CodeIgniter\CodeIgniter->run()
 7 SYSTEMPATH\Commands\Server\rewrite.php(43): require_once('FCPATH\\index.php')
