CRITICAL - 2022-10-30 20:33:44 --> Call to undefined function getError()
in APPPATH\Views\buku\create.php on line 55.
 1 SYSTEMPATH\View\View.php(213): include()
 2 SYSTEMPATH\View\View.php(216): CodeIgniter\View\View->CodeIgniter\View\{closure}()
 3 SYSTEMPATH\Common.php(1137): CodeIgniter\View\View->render('buku/create', [], true)
 4 APPPATH\Controllers\Buku.php(40): view('buku/create', [...])
 5 SYSTEMPATH\CodeIgniter.php(904): App\Controllers\Buku->create()
 6 SYSTEMPATH\CodeIgniter.php(457): CodeIgniter\CodeIgniter->runController(Object(App\Controllers\Buku))
 7 SYSTEMPATH\CodeIgniter.php(340): CodeIgniter\CodeIgniter->handleRequest(null, Object(Config\Cache), false)
 8 FCPATH\index.php(67): CodeIgniter\CodeIgniter->run()
 9 SYSTEMPATH\Commands\Server\rewrite.php(43): require_once('FCPATH\\index.php')
CRITICAL - 2022-10-30 20:34:19 --> Call to undefined function getError()
in APPPATH\Views\buku\create.php on line 55.
 1 SYSTEMPATH\View\View.php(213): include()
 2 SYSTEMPATH\View\View.php(216): CodeIgniter\View\View->CodeIgniter\View\{closure}()
 3 SYSTEMPATH\Common.php(1137): CodeIgniter\View\View->render('buku/create', [], true)
 4 APPPATH\Controllers\Buku.php(40): view('buku/create', [...])
 5 SYSTEMPATH\CodeIgniter.php(904): App\Controllers\Buku->create()
 6 SYSTEMPATH\CodeIgniter.php(457): CodeIgniter\CodeIgniter->runController(Object(App\Controllers\Buku))
 7 SYSTEMPATH\CodeIgniter.php(340): CodeIgniter\CodeIgniter->handleRequest(null, Object(Config\Cache), false)
 8 FCPATH\index.php(67): CodeIgniter\CodeIgniter->run()
 9 SYSTEMPATH\Commands\Server\rewrite.php(43): require_once('FCPATH\\index.php')
CRITICAL - 2022-10-30 20:34:41 --> Call to undefined function getError()
in APPPATH\Views\buku\create.php on line 55.
 1 SYSTEMPATH\View\View.php(213): include()
 2 SYSTEMPATH\View\View.php(216): CodeIgniter\View\View->CodeIgniter\View\{closure}()
 3 SYSTEMPATH\Common.php(1137): CodeIgniter\View\View->render('buku/create', [], true)
 4 APPPATH\Controllers\Buku.php(40): view('buku/create', [...])
 5 SYSTEMPATH\CodeIgniter.php(904): App\Controllers\Buku->create()
 6 SYSTEMPATH\CodeIgniter.php(457): CodeIgniter\CodeIgniter->runController(Object(App\Controllers\Buku))
 7 SYSTEMPATH\CodeIgniter.php(340): CodeIgniter\CodeIgniter->handleRequest(null, Object(Config\Cache), false)
 8 FCPATH\index.php(67): CodeIgniter\CodeIgniter->run()
 9 SYSTEMPATH\Commands\Server\rewrite.php(43): require_once('FCPATH\\index.php')
CRITICAL - 2022-10-30 20:34:46 --> Call to undefined function getError()
in APPPATH\Views\buku\create.php on line 55.
 1 SYSTEMPATH\View\View.php(213): include()
 2 SYSTEMPATH\View\View.php(216): CodeIgniter\View\View->CodeIgniter\View\{closure}()
 3 SYSTEMPATH\Common.php(1137): CodeIgniter\View\View->render('buku/create', [], true)
 4 APPPATH\Controllers\Buku.php(40): view('buku/create', [...])
 5 SYSTEMPATH\CodeIgniter.php(904): App\Controllers\Buku->create()
 6 SYSTEMPATH\CodeIgniter.php(457): CodeIgniter\CodeIgniter->runController(Object(App\Controllers\Buku))
 7 SYSTEMPATH\CodeIgniter.php(340): CodeIgniter\CodeIgniter->handleRequest(null, Object(Config\Cache), false)
 8 FCPATH\index.php(67): CodeIgniter\CodeIgniter->run()
 9 SYSTEMPATH\Commands\Server\rewrite.php(43): require_once('FCPATH\\index.php')
CRITICAL - 2022-10-30 20:35:09 --> Call to undefined function hasError()
in APPPATH\Views\buku\create.php on line 55.
 1 SYSTEMPATH\View\View.php(213): include()
 2 SYSTEMPATH\View\View.php(216): CodeIgniter\View\View->CodeIgniter\View\{closure}()
 3 SYSTEMPATH\Common.php(1137): CodeIgniter\View\View->render('buku/create', [], true)
 4 APPPATH\Controllers\Buku.php(40): view('buku/create', [...])
 5 SYSTEMPATH\CodeIgniter.php(904): App\Controllers\Buku->create()
 6 SYSTEMPATH\CodeIgniter.php(457): CodeIgniter\CodeIgniter->runController(Object(App\Controllers\Buku))
 7 SYSTEMPATH\CodeIgniter.php(340): CodeIgniter\CodeIgniter->handleRequest(null, Object(Config\Cache), false)
 8 FCPATH\index.php(67): CodeIgniter\CodeIgniter->run()
 9 SYSTEMPATH\Commands\Server\rewrite.php(43): require_once('FCPATH\\index.php')
CRITICAL - 2022-10-30 20:37:14 --> Call to undefined function hasError()
in APPPATH\Views\buku\create.php on line 56.
 1 SYSTEMPATH\View\View.php(213): include()
 2 SYSTEMPATH\View\View.php(216): CodeIgniter\View\View->CodeIgniter\View\{closure}()
 3 SYSTEMPATH\Common.php(1137): CodeIgniter\View\View->render('buku/create', [], true)
 4 APPPATH\Controllers\Buku.php(40): view('buku/create', [...])
 5 SYSTEMPATH\CodeIgniter.php(904): App\Controllers\Buku->create()
 6 SYSTEMPATH\CodeIgniter.php(457): CodeIgniter\CodeIgniter->runController(Object(App\Controllers\Buku))
 7 SYSTEMPATH\CodeIgniter.php(340): CodeIgniter\CodeIgniter->handleRequest(null, Object(Config\Cache), false)
 8 FCPATH\index.php(67): CodeIgniter\CodeIgniter->run()
 9 SYSTEMPATH\Commands\Server\rewrite.php(43): require_once('FCPATH\\index.php')
CRITICAL - 2022-10-30 20:37:24 --> Call to undefined function hasError()
in APPPATH\Views\buku\create.php on line 56.
 1 SYSTEMPATH\View\View.php(213): include()
 2 SYSTEMPATH\View\View.php(216): CodeIgniter\View\View->CodeIgniter\View\{closure}()
 3 SYSTEMPATH\Common.php(1137): CodeIgniter\View\View->render('buku/create', [], true)
 4 APPPATH\Controllers\Buku.php(40): view('buku/create', [...])
 5 SYSTEMPATH\CodeIgniter.php(904): App\Controllers\Buku->create()
 6 SYSTEMPATH\CodeIgniter.php(457): CodeIgniter\CodeIgniter->runController(Object(App\Controllers\Buku))
 7 SYSTEMPATH\CodeIgniter.php(340): CodeIgniter\CodeIgniter->handleRequest(null, Object(Config\Cache), false)
 8 FCPATH\index.php(67): CodeIgniter\CodeIgniter->run()
 9 SYSTEMPATH\Commands\Server\rewrite.php(43): require_once('FCPATH\\index.php')
CRITICAL - 2022-10-30 20:42:58 --> Call to undefined function hasError()
in APPPATH\Views\buku\create.php on line 56.
 1 SYSTEMPATH\View\View.php(213): include()
 2 SYSTEMPATH\View\View.php(216): CodeIgniter\View\View->CodeIgniter\View\{closure}()
 3 SYSTEMPATH\Common.php(1137): CodeIgniter\View\View->render('buku/create', [], true)
 4 APPPATH\Controllers\Buku.php(40): view('buku/create', [...])
 5 SYSTEMPATH\CodeIgniter.php(904): App\Controllers\Buku->create()
 6 SYSTEMPATH\CodeIgniter.php(457): CodeIgniter\CodeIgniter->runController(Object(App\Controllers\Buku))
 7 SYSTEMPATH\CodeIgniter.php(340): CodeIgniter\CodeIgniter->handleRequest(null, Object(Config\Cache), false)
 8 FCPATH\index.php(67): CodeIgniter\CodeIgniter->run()
 9 SYSTEMPATH\Commands\Server\rewrite.php(43): require_once('FCPATH\\index.php')
CRITICAL - 2022-10-30 20:44:03 --> Call to undefined function hasError()
in APPPATH\Views\buku\create.php on line 56.
 1 SYSTEMPATH\View\View.php(213): include()
 2 SYSTEMPATH\View\View.php(216): CodeIgniter\View\View->CodeIgniter\View\{closure}()
 3 SYSTEMPATH\Common.php(1137): CodeIgniter\View\View->render('buku/create', [], true)
 4 APPPATH\Controllers\Buku.php(40): view('buku/create', [...])
 5 SYSTEMPATH\CodeIgniter.php(904): App\Controllers\Buku->create()
 6 SYSTEMPATH\CodeIgniter.php(457): CodeIgniter\CodeIgniter->runController(Object(App\Controllers\Buku))
 7 SYSTEMPATH\CodeIgniter.php(340): CodeIgniter\CodeIgniter->handleRequest(null, Object(Config\Cache), false)
 8 FCPATH\index.php(67): CodeIgniter\CodeIgniter->run()
 9 SYSTEMPATH\Commands\Server\rewrite.php(43): require_once('FCPATH\\index.php')
CRITICAL - 2022-10-30 20:45:06 --> Call to undefined function hasError()
in APPPATH\Views\buku\create.php on line 56.
 1 SYSTEMPATH\View\View.php(213): include()
 2 SYSTEMPATH\View\View.php(216): CodeIgniter\View\View->CodeIgniter\View\{closure}()
 3 SYSTEMPATH\Common.php(1137): CodeIgniter\View\View->render('buku/create', [], true)
 4 APPPATH\Controllers\Buku.php(40): view('buku/create', [...])
 5 SYSTEMPATH\CodeIgniter.php(904): App\Controllers\Buku->create()
 6 SYSTEMPATH\CodeIgniter.php(457): CodeIgniter\CodeIgniter->runController(Object(App\Controllers\Buku))
 7 SYSTEMPATH\CodeIgniter.php(340): CodeIgniter\CodeIgniter->handleRequest(null, Object(Config\Cache), false)
 8 FCPATH\index.php(67): CodeIgniter\CodeIgniter->run()
 9 SYSTEMPATH\Commands\Server\rewrite.php(43): require_once('FCPATH\\index.php')
CRITICAL - 2022-10-30 20:45:48 --> Call to undefined function hasError()
in APPPATH\Views\buku\create.php on line 56.
 1 SYSTEMPATH\View\View.php(213): include()
 2 SYSTEMPATH\View\View.php(216): CodeIgniter\View\View->CodeIgniter\View\{closure}()
 3 SYSTEMPATH\Common.php(1137): CodeIgniter\View\View->render('buku/create', [], true)
 4 APPPATH\Controllers\Buku.php(40): view('buku/create', [...])
 5 SYSTEMPATH\CodeIgniter.php(904): App\Controllers\Buku->create()
 6 SYSTEMPATH\CodeIgniter.php(457): CodeIgniter\CodeIgniter->runController(Object(App\Controllers\Buku))
 7 SYSTEMPATH\CodeIgniter.php(340): CodeIgniter\CodeIgniter->handleRequest(null, Object(Config\Cache), false)
 8 FCPATH\index.php(67): CodeIgniter\CodeIgniter->run()
 9 SYSTEMPATH\Commands\Server\rewrite.php(43): require_once('FCPATH\\index.php')
CRITICAL - 2022-10-30 20:46:11 --> Call to undefined function hasError()
in APPPATH\Views\buku\create.php on line 56.
 1 SYSTEMPATH\View\View.php(213): include()
 2 SYSTEMPATH\View\View.php(216): CodeIgniter\View\View->CodeIgniter\View\{closure}()
 3 SYSTEMPATH\Common.php(1137): CodeIgniter\View\View->render('buku/create', [], true)
 4 APPPATH\Controllers\Buku.php(40): view('buku/create', [...])
 5 SYSTEMPATH\CodeIgniter.php(904): App\Controllers\Buku->create()
 6 SYSTEMPATH\CodeIgniter.php(457): CodeIgniter\CodeIgniter->runController(Object(App\Controllers\Buku))
 7 SYSTEMPATH\CodeIgniter.php(340): CodeIgniter\CodeIgniter->handleRequest(null, Object(Config\Cache), false)
 8 FCPATH\index.php(67): CodeIgniter\CodeIgniter->run()
 9 SYSTEMPATH\Commands\Server\rewrite.php(43): require_once('FCPATH\\index.php')
ERROR - 2022-10-30 20:57:49 --> mysqli_sql_exception: Column 'kelas' cannot be null in D:\Server\htdocs\xirpl2\system\Database\MySQLi\Connection.php:292
Stack trace:
#0 D:\Server\htdocs\xirpl2\system\Database\MySQLi\Connection.php(292): mysqli->query('INSERT INTO `bu...', 0)
#1 D:\Server\htdocs\xirpl2\system\Database\BaseConnection.php(693): CodeIgniter\Database\MySQLi\Connection->execute('INSERT INTO `bu...')
#2 D:\Server\htdocs\xirpl2\system\Database\BaseConnection.php(620): CodeIgniter\Database\BaseConnection->simpleQuery('INSERT INTO `bu...')
#3 D:\Server\htdocs\xirpl2\system\Database\BaseBuilder.php(1916): CodeIgniter\Database\BaseConnection->query('INSERT INTO `bu...', Array, false)
#4 D:\Server\htdocs\xirpl2\system\Model.php(278): CodeIgniter\Database\BaseBuilder->insert()
#5 D:\Server\htdocs\xirpl2\system\BaseModel.php(738): CodeIgniter\Model->doInsert(Array)
#6 D:\Server\htdocs\xirpl2\system\Model.php(666): CodeIgniter\BaseModel->insert(Array, false)
#7 D:\Server\htdocs\xirpl2\system\BaseModel.php(658): CodeIgniter\Model->insert(Array, false)
#8 D:\Server\htdocs\xirpl2\app\Controllers\Buku.php(129): CodeIgniter\BaseModel->save(Array)
#9 D:\Server\htdocs\xirpl2\system\CodeIgniter.php(904): App\Controllers\Buku->save()
#10 D:\Server\htdocs\xirpl2\system\CodeIgniter.php(457): CodeIgniter\CodeIgniter->runController(Object(App\Controllers\Buku))
#11 D:\Server\htdocs\xirpl2\system\CodeIgniter.php(340): CodeIgniter\CodeIgniter->handleRequest(NULL, Object(Config\Cache), false)
#12 D:\Server\htdocs\xirpl2\public\index.php(67): CodeIgniter\CodeIgniter->run()
#13 D:\Server\htdocs\xirpl2\system\Commands\Server\rewrite.php(43): require_once('D:\\Server\\htdoc...')
#14 {main}
CRITICAL - 2022-10-30 20:57:49 --> Column 'kelas' cannot be null
in SYSTEMPATH\Database\MySQLi\Connection.php on line 292.
 1 SYSTEMPATH\Database\MySQLi\Connection.php(292): mysqli->query('INSERT INTO `buku` (`judul`, `slug`, `kelas`, `penulis`, `penerbit`, `sampul`) VALUES (\'rtrert\', \'rtrert\', NULL, \'erger\', \'ffe\', \'1667181469_fca8013d12270fbe97aa.jpg\')', 0)
 2 SYSTEMPATH\Database\BaseConnection.php(693): CodeIgniter\Database\MySQLi\Connection->execute('INSERT INTO `buku` (`judul`, `slug`, `kelas`, `penulis`, `penerbit`, `sampul`) VALUES (\'rtrert\', \'rtrert\', NULL, \'erger\', \'ffe\', \'1667181469_fca8013d12270fbe97aa.jpg\')')
 3 SYSTEMPATH\Database\BaseConnection.php(620): CodeIgniter\Database\BaseConnection->simpleQuery('INSERT INTO `buku` (`judul`, `slug`, `kelas`, `penulis`, `penerbit`, `sampul`) VALUES (\'rtrert\', \'rtrert\', NULL, \'erger\', \'ffe\', \'1667181469_fca8013d12270fbe97aa.jpg\')')
 4 SYSTEMPATH\Database\BaseBuilder.php(1916): CodeIgniter\Database\BaseConnection->query('INSERT INTO `buku` (`judul`, `slug`, `kelas`, `penulis`, `penerbit`, `sampul`) VALUES (:judul:, :slug:, :kelas:, :penulis:, :penerbit:, :sampul:)', [...], false)
 5 SYSTEMPATH\Model.php(278): CodeIgniter\Database\BaseBuilder->insert()
 6 SYSTEMPATH\BaseModel.php(738): CodeIgniter\Model->doInsert([...])
 7 SYSTEMPATH\Model.php(666): CodeIgniter\BaseModel->insert([...], false)
 8 SYSTEMPATH\BaseModel.php(658): CodeIgniter\Model->insert([...], false)
 9 APPPATH\Controllers\Buku.php(129): CodeIgniter\BaseModel->save([...])
10 SYSTEMPATH\CodeIgniter.php(904): App\Controllers\Buku->save()
11 SYSTEMPATH\CodeIgniter.php(457): CodeIgniter\CodeIgniter->runController(Object(App\Controllers\Buku))
12 SYSTEMPATH\CodeIgniter.php(340): CodeIgniter\CodeIgniter->handleRequest(null, Object(Config\Cache), false)
13 FCPATH\index.php(67): CodeIgniter\CodeIgniter->run()
14 SYSTEMPATH\Commands\Server\rewrite.php(43): require_once('FCPATH\\index.php')
ERROR - 2022-10-30 20:58:33 --> mysqli_sql_exception: Column 'kelas' cannot be null in D:\Server\htdocs\xirpl2\system\Database\MySQLi\Connection.php:292
Stack trace:
#0 D:\Server\htdocs\xirpl2\system\Database\MySQLi\Connection.php(292): mysqli->query('INSERT INTO `bu...', 0)
#1 D:\Server\htdocs\xirpl2\system\Database\BaseConnection.php(693): CodeIgniter\Database\MySQLi\Connection->execute('INSERT INTO `bu...')
#2 D:\Server\htdocs\xirpl2\system\Database\BaseConnection.php(620): CodeIgniter\Database\BaseConnection->simpleQuery('INSERT INTO `bu...')
#3 D:\Server\htdocs\xirpl2\system\Database\BaseBuilder.php(1916): CodeIgniter\Database\BaseConnection->query('INSERT INTO `bu...', Array, false)
#4 D:\Server\htdocs\xirpl2\system\Model.php(278): CodeIgniter\Database\BaseBuilder->insert()
#5 D:\Server\htdocs\xirpl2\system\BaseModel.php(738): CodeIgniter\Model->doInsert(Array)
#6 D:\Server\htdocs\xirpl2\system\Model.php(666): CodeIgniter\BaseModel->insert(Array, false)
#7 D:\Server\htdocs\xirpl2\system\BaseModel.php(658): CodeIgniter\Model->insert(Array, false)
#8 D:\Server\htdocs\xirpl2\app\Controllers\Buku.php(129): CodeIgniter\BaseModel->save(Array)
#9 D:\Server\htdocs\xirpl2\system\CodeIgniter.php(904): App\Controllers\Buku->save()
#10 D:\Server\htdocs\xirpl2\system\CodeIgniter.php(457): CodeIgniter\CodeIgniter->runController(Object(App\Controllers\Buku))
#11 D:\Server\htdocs\xirpl2\system\CodeIgniter.php(340): CodeIgniter\CodeIgniter->handleRequest(NULL, Object(Config\Cache), false)
#12 D:\Server\htdocs\xirpl2\public\index.php(67): CodeIgniter\CodeIgniter->run()
#13 D:\Server\htdocs\xirpl2\system\Commands\Server\rewrite.php(43): require_once('D:\\Server\\htdoc...')
#14 {main}
CRITICAL - 2022-10-30 20:58:33 --> Column 'kelas' cannot be null
in SYSTEMPATH\Database\MySQLi\Connection.php on line 292.
 1 SYSTEMPATH\Database\MySQLi\Connection.php(292): mysqli->query('INSERT INTO `buku` (`judul`, `slug`, `kelas`, `penulis`, `penerbit`, `sampul`) VALUES (\'rtrert\', \'rtrert\', NULL, \'erger\', \'ffe\', \'1667181513_079ca699e24b19ad3d62.jpg\')', 0)
 2 SYSTEMPATH\Database\BaseConnection.php(693): CodeIgniter\Database\MySQLi\Connection->execute('INSERT INTO `buku` (`judul`, `slug`, `kelas`, `penulis`, `penerbit`, `sampul`) VALUES (\'rtrert\', \'rtrert\', NULL, \'erger\', \'ffe\', \'1667181513_079ca699e24b19ad3d62.jpg\')')
 3 SYSTEMPATH\Database\BaseConnection.php(620): CodeIgniter\Database\BaseConnection->simpleQuery('INSERT INTO `buku` (`judul`, `slug`, `kelas`, `penulis`, `penerbit`, `sampul`) VALUES (\'rtrert\', \'rtrert\', NULL, \'erger\', \'ffe\', \'1667181513_079ca699e24b19ad3d62.jpg\')')
 4 SYSTEMPATH\Database\BaseBuilder.php(1916): CodeIgniter\Database\BaseConnection->query('INSERT INTO `buku` (`judul`, `slug`, `kelas`, `penulis`, `penerbit`, `sampul`) VALUES (:judul:, :slug:, :kelas:, :penulis:, :penerbit:, :sampul:)', [...], false)
 5 SYSTEMPATH\Model.php(278): CodeIgniter\Database\BaseBuilder->insert()
 6 SYSTEMPATH\BaseModel.php(738): CodeIgniter\Model->doInsert([...])
 7 SYSTEMPATH\Model.php(666): CodeIgniter\BaseModel->insert([...], false)
 8 SYSTEMPATH\BaseModel.php(658): CodeIgniter\Model->insert([...], false)
 9 APPPATH\Controllers\Buku.php(129): CodeIgniter\BaseModel->save([...])
10 SYSTEMPATH\CodeIgniter.php(904): App\Controllers\Buku->save()
11 SYSTEMPATH\CodeIgniter.php(457): CodeIgniter\CodeIgniter->runController(Object(App\Controllers\Buku))
12 SYSTEMPATH\CodeIgniter.php(340): CodeIgniter\CodeIgniter->handleRequest(null, Object(Config\Cache), false)
13 FCPATH\index.php(67): CodeIgniter\CodeIgniter->run()
14 SYSTEMPATH\Commands\Server\rewrite.php(43): require_once('FCPATH\\index.php')
ERROR - 2022-10-30 21:00:56 --> mysqli_sql_exception: Column 'kelas' cannot be null in D:\Server\htdocs\xirpl2\system\Database\MySQLi\Connection.php:292
Stack trace:
#0 D:\Server\htdocs\xirpl2\system\Database\MySQLi\Connection.php(292): mysqli->query('INSERT INTO `bu...', 0)
#1 D:\Server\htdocs\xirpl2\system\Database\BaseConnection.php(693): CodeIgniter\Database\MySQLi\Connection->execute('INSERT INTO `bu...')
#2 D:\Server\htdocs\xirpl2\system\Database\BaseConnection.php(620): CodeIgniter\Database\BaseConnection->simpleQuery('INSERT INTO `bu...')
#3 D:\Server\htdocs\xirpl2\system\Database\BaseBuilder.php(1916): CodeIgniter\Database\BaseConnection->query('INSERT INTO `bu...', Array, false)
#4 D:\Server\htdocs\xirpl2\system\Model.php(278): CodeIgniter\Database\BaseBuilder->insert()
#5 D:\Server\htdocs\xirpl2\system\BaseModel.php(738): CodeIgniter\Model->doInsert(Array)
#6 D:\Server\htdocs\xirpl2\system\Model.php(666): CodeIgniter\BaseModel->insert(Array, false)
#7 D:\Server\htdocs\xirpl2\system\BaseModel.php(658): CodeIgniter\Model->insert(Array, false)
#8 D:\Server\htdocs\xirpl2\app\Controllers\Buku.php(129): CodeIgniter\BaseModel->save(Array)
#9 D:\Server\htdocs\xirpl2\system\CodeIgniter.php(904): App\Controllers\Buku->save()
#10 D:\Server\htdocs\xirpl2\system\CodeIgniter.php(457): CodeIgniter\CodeIgniter->runController(Object(App\Controllers\Buku))
#11 D:\Server\htdocs\xirpl2\system\CodeIgniter.php(340): CodeIgniter\CodeIgniter->handleRequest(NULL, Object(Config\Cache), false)
#12 D:\Server\htdocs\xirpl2\public\index.php(67): CodeIgniter\CodeIgniter->run()
#13 D:\Server\htdocs\xirpl2\system\Commands\Server\rewrite.php(43): require_once('D:\\Server\\htdoc...')
#14 {main}
CRITICAL - 2022-10-30 21:00:56 --> Column 'kelas' cannot be null
in SYSTEMPATH\Database\MySQLi\Connection.php on line 292.
 1 SYSTEMPATH\Database\MySQLi\Connection.php(292): mysqli->query('INSERT INTO `buku` (`judul`, `slug`, `kelas`, `penulis`, `penerbit`, `sampul`) VALUES (\'rtrert\', \'rtrert\', NULL, \'erger\', \'ffe\', \'1667181656_61327411d6dd8141efde.jpg\')', 0)
 2 SYSTEMPATH\Database\BaseConnection.php(693): CodeIgniter\Database\MySQLi\Connection->execute('INSERT INTO `buku` (`judul`, `slug`, `kelas`, `penulis`, `penerbit`, `sampul`) VALUES (\'rtrert\', \'rtrert\', NULL, \'erger\', \'ffe\', \'1667181656_61327411d6dd8141efde.jpg\')')
 3 SYSTEMPATH\Database\BaseConnection.php(620): CodeIgniter\Database\BaseConnection->simpleQuery('INSERT INTO `buku` (`judul`, `slug`, `kelas`, `penulis`, `penerbit`, `sampul`) VALUES (\'rtrert\', \'rtrert\', NULL, \'erger\', \'ffe\', \'1667181656_61327411d6dd8141efde.jpg\')')
 4 SYSTEMPATH\Database\BaseBuilder.php(1916): CodeIgniter\Database\BaseConnection->query('INSERT INTO `buku` (`judul`, `slug`, `kelas`, `penulis`, `penerbit`, `sampul`) VALUES (:judul:, :slug:, :kelas:, :penulis:, :penerbit:, :sampul:)', [...], false)
 5 SYSTEMPATH\Model.php(278): CodeIgniter\Database\BaseBuilder->insert()
 6 SYSTEMPATH\BaseModel.php(738): CodeIgniter\Model->doInsert([...])
 7 SYSTEMPATH\Model.php(666): CodeIgniter\BaseModel->insert([...], false)
 8 SYSTEMPATH\BaseModel.php(658): CodeIgniter\Model->insert([...], false)
 9 APPPATH\Controllers\Buku.php(129): CodeIgniter\BaseModel->save([...])
10 SYSTEMPATH\CodeIgniter.php(904): App\Controllers\Buku->save()
11 SYSTEMPATH\CodeIgniter.php(457): CodeIgniter\CodeIgniter->runController(Object(App\Controllers\Buku))
12 SYSTEMPATH\CodeIgniter.php(340): CodeIgniter\CodeIgniter->handleRequest(null, Object(Config\Cache), false)
13 FCPATH\index.php(67): CodeIgniter\CodeIgniter->run()
14 SYSTEMPATH\Commands\Server\rewrite.php(43): require_once('FCPATH\\index.php')
CRITICAL - 2022-10-30 21:04:54 --> mime_in[sampul,image/
                    jpg,image/jpeg,image/png] is not a valid rule.
in SYSTEMPATH\Validation\Validation.php on line 316.
 1 SYSTEMPATH\Validation\Validation.php(316): CodeIgniter\Validation\Exceptions\ValidationException::forRuleNotFound('mime_in[sampul,image/
                    jpg,image/jpeg,image/png]')
 2 SYSTEMPATH\Validation\Validation.php(175): CodeIgniter\Validation\Validation->processRules('sampul', 'sampul', null, [...], [...])
 3 SYSTEMPATH\Controller.php(140): CodeIgniter\Validation\Validation->run()
 4 APPPATH\Controllers\Buku.php(48): CodeIgniter\Controller->validate([...])
 5 SYSTEMPATH\CodeIgniter.php(904): App\Controllers\Buku->save()
 6 SYSTEMPATH\CodeIgniter.php(457): CodeIgniter\CodeIgniter->runController(Object(App\Controllers\Buku))
 7 SYSTEMPATH\CodeIgniter.php(340): CodeIgniter\CodeIgniter->handleRequest(null, Object(Config\Cache), false)
 8 FCPATH\index.php(67): CodeIgniter\CodeIgniter->run()
 9 SYSTEMPATH\Commands\Server\rewrite.php(43): require_once('FCPATH\\index.php')
ERROR - 2022-10-30 21:05:33 --> mysqli_sql_exception: Column 'kelas' cannot be null in D:\Server\htdocs\xirpl2\system\Database\MySQLi\Connection.php:292
Stack trace:
#0 D:\Server\htdocs\xirpl2\system\Database\MySQLi\Connection.php(292): mysqli->query('INSERT INTO `bu...', 0)
#1 D:\Server\htdocs\xirpl2\system\Database\BaseConnection.php(693): CodeIgniter\Database\MySQLi\Connection->execute('INSERT INTO `bu...')
#2 D:\Server\htdocs\xirpl2\system\Database\BaseConnection.php(620): CodeIgniter\Database\BaseConnection->simpleQuery('INSERT INTO `bu...')
#3 D:\Server\htdocs\xirpl2\system\Database\BaseBuilder.php(1916): CodeIgniter\Database\BaseConnection->query('INSERT INTO `bu...', Array, false)
#4 D:\Server\htdocs\xirpl2\system\Model.php(278): CodeIgniter\Database\BaseBuilder->insert()
#5 D:\Server\htdocs\xirpl2\system\BaseModel.php(738): CodeIgniter\Model->doInsert(Array)
#6 D:\Server\htdocs\xirpl2\system\Model.php(666): CodeIgniter\BaseModel->insert(Array, false)
#7 D:\Server\htdocs\xirpl2\system\BaseModel.php(658): CodeIgniter\Model->insert(Array, false)
#8 D:\Server\htdocs\xirpl2\app\Controllers\Buku.php(129): CodeIgniter\BaseModel->save(Array)
#9 D:\Server\htdocs\xirpl2\system\CodeIgniter.php(904): App\Controllers\Buku->save()
#10 D:\Server\htdocs\xirpl2\system\CodeIgniter.php(457): CodeIgniter\CodeIgniter->runController(Object(App\Controllers\Buku))
#11 D:\Server\htdocs\xirpl2\system\CodeIgniter.php(340): CodeIgniter\CodeIgniter->handleRequest(NULL, Object(Config\Cache), false)
#12 D:\Server\htdocs\xirpl2\public\index.php(67): CodeIgniter\CodeIgniter->run()
#13 D:\Server\htdocs\xirpl2\system\Commands\Server\rewrite.php(43): require_once('D:\\Server\\htdoc...')
#14 {main}
CRITICAL - 2022-10-30 21:05:33 --> Column 'kelas' cannot be null
in SYSTEMPATH\Database\MySQLi\Connection.php on line 292.
 1 SYSTEMPATH\Database\MySQLi\Connection.php(292): mysqli->query('INSERT INTO `buku` (`judul`, `slug`, `kelas`, `penulis`, `penerbit`, `sampul`) VALUES (\'rtrert\', \'rtrert\', NULL, \'erger\', \'ffe\', \'1667181933_2bcafef34e4e9a1ba8fb.jpg\')', 0)
 2 SYSTEMPATH\Database\BaseConnection.php(693): CodeIgniter\Database\MySQLi\Connection->execute('INSERT INTO `buku` (`judul`, `slug`, `kelas`, `penulis`, `penerbit`, `sampul`) VALUES (\'rtrert\', \'rtrert\', NULL, \'erger\', \'ffe\', \'1667181933_2bcafef34e4e9a1ba8fb.jpg\')')
 3 SYSTEMPATH\Database\BaseConnection.php(620): CodeIgniter\Database\BaseConnection->simpleQuery('INSERT INTO `buku` (`judul`, `slug`, `kelas`, `penulis`, `penerbit`, `sampul`) VALUES (\'rtrert\', \'rtrert\', NULL, \'erger\', \'ffe\', \'1667181933_2bcafef34e4e9a1ba8fb.jpg\')')
 4 SYSTEMPATH\Database\BaseBuilder.php(1916): CodeIgniter\Database\BaseConnection->query('INSERT INTO `buku` (`judul`, `slug`, `kelas`, `penulis`, `penerbit`, `sampul`) VALUES (:judul:, :slug:, :kelas:, :penulis:, :penerbit:, :sampul:)', [...], false)
 5 SYSTEMPATH\Model.php(278): CodeIgniter\Database\BaseBuilder->insert()
 6 SYSTEMPATH\BaseModel.php(738): CodeIgniter\Model->doInsert([...])
 7 SYSTEMPATH\Model.php(666): CodeIgniter\BaseModel->insert([...], false)
 8 SYSTEMPATH\BaseModel.php(658): CodeIgniter\Model->insert([...], false)
 9 APPPATH\Controllers\Buku.php(129): CodeIgniter\BaseModel->save([...])
10 SYSTEMPATH\CodeIgniter.php(904): App\Controllers\Buku->save()
11 SYSTEMPATH\CodeIgniter.php(457): CodeIgniter\CodeIgniter->runController(Object(App\Controllers\Buku))
12 SYSTEMPATH\CodeIgniter.php(340): CodeIgniter\CodeIgniter->handleRequest(null, Object(Config\Cache), false)
13 FCPATH\index.php(67): CodeIgniter\CodeIgniter->run()
14 SYSTEMPATH\Commands\Server\rewrite.php(43): require_once('FCPATH\\index.php')
ERROR - 2022-10-30 21:07:07 --> mysqli_sql_exception: Column 'kelas' cannot be null in D:\Server\htdocs\xirpl2\system\Database\MySQLi\Connection.php:292
Stack trace:
#0 D:\Server\htdocs\xirpl2\system\Database\MySQLi\Connection.php(292): mysqli->query('INSERT INTO `bu...', 0)
#1 D:\Server\htdocs\xirpl2\system\Database\BaseConnection.php(693): CodeIgniter\Database\MySQLi\Connection->execute('INSERT INTO `bu...')
#2 D:\Server\htdocs\xirpl2\system\Database\BaseConnection.php(620): CodeIgniter\Database\BaseConnection->simpleQuery('INSERT INTO `bu...')
#3 D:\Server\htdocs\xirpl2\system\Database\BaseBuilder.php(1916): CodeIgniter\Database\BaseConnection->query('INSERT INTO `bu...', Array, false)
#4 D:\Server\htdocs\xirpl2\system\Model.php(278): CodeIgniter\Database\BaseBuilder->insert()
#5 D:\Server\htdocs\xirpl2\system\BaseModel.php(738): CodeIgniter\Model->doInsert(Array)
#6 D:\Server\htdocs\xirpl2\system\Model.php(666): CodeIgniter\BaseModel->insert(Array, false)
#7 D:\Server\htdocs\xirpl2\system\BaseModel.php(658): CodeIgniter\Model->insert(Array, false)
#8 D:\Server\htdocs\xirpl2\app\Controllers\Buku.php(129): CodeIgniter\BaseModel->save(Array)
#9 D:\Server\htdocs\xirpl2\system\CodeIgniter.php(904): App\Controllers\Buku->save()
#10 D:\Server\htdocs\xirpl2\system\CodeIgniter.php(457): CodeIgniter\CodeIgniter->runController(Object(App\Controllers\Buku))
#11 D:\Server\htdocs\xirpl2\system\CodeIgniter.php(340): CodeIgniter\CodeIgniter->handleRequest(NULL, Object(Config\Cache), false)
#12 D:\Server\htdocs\xirpl2\public\index.php(67): CodeIgniter\CodeIgniter->run()
#13 D:\Server\htdocs\xirpl2\system\Commands\Server\rewrite.php(43): require_once('D:\\Server\\htdoc...')
#14 {main}
CRITICAL - 2022-10-30 21:07:07 --> Column 'kelas' cannot be null
in SYSTEMPATH\Database\MySQLi\Connection.php on line 292.
 1 SYSTEMPATH\Database\MySQLi\Connection.php(292): mysqli->query('INSERT INTO `buku` (`judul`, `slug`, `kelas`, `penulis`, `penerbit`, `sampul`) VALUES (\'rtrert\', \'rtrert\', NULL, \'erger\', \'ffe\', \'1667182027_fd07fa37991fa7b4b04f.jpg\')', 0)
 2 SYSTEMPATH\Database\BaseConnection.php(693): CodeIgniter\Database\MySQLi\Connection->execute('INSERT INTO `buku` (`judul`, `slug`, `kelas`, `penulis`, `penerbit`, `sampul`) VALUES (\'rtrert\', \'rtrert\', NULL, \'erger\', \'ffe\', \'1667182027_fd07fa37991fa7b4b04f.jpg\')')
 3 SYSTEMPATH\Database\BaseConnection.php(620): CodeIgniter\Database\BaseConnection->simpleQuery('INSERT INTO `buku` (`judul`, `slug`, `kelas`, `penulis`, `penerbit`, `sampul`) VALUES (\'rtrert\', \'rtrert\', NULL, \'erger\', \'ffe\', \'1667182027_fd07fa37991fa7b4b04f.jpg\')')
 4 SYSTEMPATH\Database\BaseBuilder.php(1916): CodeIgniter\Database\BaseConnection->query('INSERT INTO `buku` (`judul`, `slug`, `kelas`, `penulis`, `penerbit`, `sampul`) VALUES (:judul:, :slug:, :kelas:, :penulis:, :penerbit:, :sampul:)', [...], false)
 5 SYSTEMPATH\Model.php(278): CodeIgniter\Database\BaseBuilder->insert()
 6 SYSTEMPATH\BaseModel.php(738): CodeIgniter\Model->doInsert([...])
 7 SYSTEMPATH\Model.php(666): CodeIgniter\BaseModel->insert([...], false)
 8 SYSTEMPATH\BaseModel.php(658): CodeIgniter\Model->insert([...], false)
 9 APPPATH\Controllers\Buku.php(129): CodeIgniter\BaseModel->save([...])
10 SYSTEMPATH\CodeIgniter.php(904): App\Controllers\Buku->save()
11 SYSTEMPATH\CodeIgniter.php(457): CodeIgniter\CodeIgniter->runController(Object(App\Controllers\Buku))
12 SYSTEMPATH\CodeIgniter.php(340): CodeIgniter\CodeIgniter->handleRequest(null, Object(Config\Cache), false)
13 FCPATH\index.php(67): CodeIgniter\CodeIgniter->run()
14 SYSTEMPATH\Commands\Server\rewrite.php(43): require_once('FCPATH\\index.php')
ERROR - 2022-10-30 21:09:59 --> mysqli_sql_exception: Column 'kelas' cannot be null in D:\Server\htdocs\xirpl2\system\Database\MySQLi\Connection.php:292
Stack trace:
#0 D:\Server\htdocs\xirpl2\system\Database\MySQLi\Connection.php(292): mysqli->query('INSERT INTO `bu...', 0)
#1 D:\Server\htdocs\xirpl2\system\Database\BaseConnection.php(693): CodeIgniter\Database\MySQLi\Connection->execute('INSERT INTO `bu...')
#2 D:\Server\htdocs\xirpl2\system\Database\BaseConnection.php(620): CodeIgniter\Database\BaseConnection->simpleQuery('INSERT INTO `bu...')
#3 D:\Server\htdocs\xirpl2\system\Database\BaseBuilder.php(1916): CodeIgniter\Database\BaseConnection->query('INSERT INTO `bu...', Array, false)
#4 D:\Server\htdocs\xirpl2\system\Model.php(278): CodeIgniter\Database\BaseBuilder->insert()
#5 D:\Server\htdocs\xirpl2\system\BaseModel.php(738): CodeIgniter\Model->doInsert(Array)
#6 D:\Server\htdocs\xirpl2\system\Model.php(666): CodeIgniter\BaseModel->insert(Array, false)
#7 D:\Server\htdocs\xirpl2\system\BaseModel.php(658): CodeIgniter\Model->insert(Array, false)
#8 D:\Server\htdocs\xirpl2\app\Controllers\Buku.php(129): CodeIgniter\BaseModel->save(Array)
#9 D:\Server\htdocs\xirpl2\system\CodeIgniter.php(904): App\Controllers\Buku->save()
#10 D:\Server\htdocs\xirpl2\system\CodeIgniter.php(457): CodeIgniter\CodeIgniter->runController(Object(App\Controllers\Buku))
#11 D:\Server\htdocs\xirpl2\system\CodeIgniter.php(340): CodeIgniter\CodeIgniter->handleRequest(NULL, Object(Config\Cache), false)
#12 D:\Server\htdocs\xirpl2\public\index.php(67): CodeIgniter\CodeIgniter->run()
#13 D:\Server\htdocs\xirpl2\system\Commands\Server\rewrite.php(43): require_once('D:\\Server\\htdoc...')
#14 {main}
CRITICAL - 2022-10-30 21:09:59 --> Column 'kelas' cannot be null
in SYSTEMPATH\Database\MySQLi\Connection.php on line 292.
 1 SYSTEMPATH\Database\MySQLi\Connection.php(292): mysqli->query('INSERT INTO `buku` (`judul`, `slug`, `kelas`, `penulis`, `penerbit`, `sampul`) VALUES (\'rtrert\', \'rtrert\', NULL, \'erger\', \'ffe\', \'1667182199_8c0a66a76c6d1621c8a8.jpg\')', 0)
 2 SYSTEMPATH\Database\BaseConnection.php(693): CodeIgniter\Database\MySQLi\Connection->execute('INSERT INTO `buku` (`judul`, `slug`, `kelas`, `penulis`, `penerbit`, `sampul`) VALUES (\'rtrert\', \'rtrert\', NULL, \'erger\', \'ffe\', \'1667182199_8c0a66a76c6d1621c8a8.jpg\')')
 3 SYSTEMPATH\Database\BaseConnection.php(620): CodeIgniter\Database\BaseConnection->simpleQuery('INSERT INTO `buku` (`judul`, `slug`, `kelas`, `penulis`, `penerbit`, `sampul`) VALUES (\'rtrert\', \'rtrert\', NULL, \'erger\', \'ffe\', \'1667182199_8c0a66a76c6d1621c8a8.jpg\')')
 4 SYSTEMPATH\Database\BaseBuilder.php(1916): CodeIgniter\Database\BaseConnection->query('INSERT INTO `buku` (`judul`, `slug`, `kelas`, `penulis`, `penerbit`, `sampul`) VALUES (:judul:, :slug:, :kelas:, :penulis:, :penerbit:, :sampul:)', [...], false)
 5 SYSTEMPATH\Model.php(278): CodeIgniter\Database\BaseBuilder->insert()
 6 SYSTEMPATH\BaseModel.php(738): CodeIgniter\Model->doInsert([...])
 7 SYSTEMPATH\Model.php(666): CodeIgniter\BaseModel->insert([...], false)
 8 SYSTEMPATH\BaseModel.php(658): CodeIgniter\Model->insert([...], false)
 9 APPPATH\Controllers\Buku.php(129): CodeIgniter\BaseModel->save([...])
10 SYSTEMPATH\CodeIgniter.php(904): App\Controllers\Buku->save()
11 SYSTEMPATH\CodeIgniter.php(457): CodeIgniter\CodeIgniter->runController(Object(App\Controllers\Buku))
12 SYSTEMPATH\CodeIgniter.php(340): CodeIgniter\CodeIgniter->handleRequest(null, Object(Config\Cache), false)
13 FCPATH\index.php(67): CodeIgniter\CodeIgniter->run()
14 SYSTEMPATH\Commands\Server\rewrite.php(43): require_once('FCPATH\\index.php')
ERROR - 2022-10-30 21:14:28 --> mysqli_sql_exception: Column 'kelas' cannot be null in D:\Server\htdocs\xirpl2\system\Database\MySQLi\Connection.php:292
Stack trace:
#0 D:\Server\htdocs\xirpl2\system\Database\MySQLi\Connection.php(292): mysqli->query('INSERT INTO `bu...', 0)
#1 D:\Server\htdocs\xirpl2\system\Database\BaseConnection.php(693): CodeIgniter\Database\MySQLi\Connection->execute('INSERT INTO `bu...')
#2 D:\Server\htdocs\xirpl2\system\Database\BaseConnection.php(620): CodeIgniter\Database\BaseConnection->simpleQuery('INSERT INTO `bu...')
#3 D:\Server\htdocs\xirpl2\system\Database\BaseBuilder.php(1916): CodeIgniter\Database\BaseConnection->query('INSERT INTO `bu...', Array, false)
#4 D:\Server\htdocs\xirpl2\system\Model.php(278): CodeIgniter\Database\BaseBuilder->insert()
#5 D:\Server\htdocs\xirpl2\system\BaseModel.php(738): CodeIgniter\Model->doInsert(Array)
#6 D:\Server\htdocs\xirpl2\system\Model.php(666): CodeIgniter\BaseModel->insert(Array, false)
#7 D:\Server\htdocs\xirpl2\system\BaseModel.php(658): CodeIgniter\Model->insert(Array, false)
#8 D:\Server\htdocs\xirpl2\app\Controllers\Buku.php(129): CodeIgniter\BaseModel->save(Array)
#9 D:\Server\htdocs\xirpl2\system\CodeIgniter.php(904): App\Controllers\Buku->save()
#10 D:\Server\htdocs\xirpl2\system\CodeIgniter.php(457): CodeIgniter\CodeIgniter->runController(Object(App\Controllers\Buku))
#11 D:\Server\htdocs\xirpl2\system\CodeIgniter.php(340): CodeIgniter\CodeIgniter->handleRequest(NULL, Object(Config\Cache), false)
#12 D:\Server\htdocs\xirpl2\public\index.php(67): CodeIgniter\CodeIgniter->run()
#13 D:\Server\htdocs\xirpl2\system\Commands\Server\rewrite.php(43): require_once('D:\\Server\\htdoc...')
#14 {main}
CRITICAL - 2022-10-30 21:14:28 --> Column 'kelas' cannot be null
in SYSTEMPATH\Database\MySQLi\Connection.php on line 292.
 1 SYSTEMPATH\Database\MySQLi\Connection.php(292): mysqli->query('INSERT INTO `buku` (`judul`, `slug`, `kelas`, `penulis`, `penerbit`, `sampul`) VALUES (\'grg\', \'grg\', NULL, \'grdgvr\', \'rg\', \'1667182468_bc15777da951eff9b7e6.jpg\')', 0)
 2 SYSTEMPATH\Database\BaseConnection.php(693): CodeIgniter\Database\MySQLi\Connection->execute('INSERT INTO `buku` (`judul`, `slug`, `kelas`, `penulis`, `penerbit`, `sampul`) VALUES (\'grg\', \'grg\', NULL, \'grdgvr\', \'rg\', \'1667182468_bc15777da951eff9b7e6.jpg\')')
 3 SYSTEMPATH\Database\BaseConnection.php(620): CodeIgniter\Database\BaseConnection->simpleQuery('INSERT INTO `buku` (`judul`, `slug`, `kelas`, `penulis`, `penerbit`, `sampul`) VALUES (\'grg\', \'grg\', NULL, \'grdgvr\', \'rg\', \'1667182468_bc15777da951eff9b7e6.jpg\')')
 4 SYSTEMPATH\Database\BaseBuilder.php(1916): CodeIgniter\Database\BaseConnection->query('INSERT INTO `buku` (`judul`, `slug`, `kelas`, `penulis`, `penerbit`, `sampul`) VALUES (:judul:, :slug:, :kelas:, :penulis:, :penerbit:, :sampul:)', [...], false)
 5 SYSTEMPATH\Model.php(278): CodeIgniter\Database\BaseBuilder->insert()
 6 SYSTEMPATH\BaseModel.php(738): CodeIgniter\Model->doInsert([...])
 7 SYSTEMPATH\Model.php(666): CodeIgniter\BaseModel->insert([...], false)
 8 SYSTEMPATH\BaseModel.php(658): CodeIgniter\Model->insert([...], false)
 9 APPPATH\Controllers\Buku.php(129): CodeIgniter\BaseModel->save([...])
10 SYSTEMPATH\CodeIgniter.php(904): App\Controllers\Buku->save()
11 SYSTEMPATH\CodeIgniter.php(457): CodeIgniter\CodeIgniter->runController(Object(App\Controllers\Buku))
12 SYSTEMPATH\CodeIgniter.php(340): CodeIgniter\CodeIgniter->handleRequest(null, Object(Config\Cache), false)
13 FCPATH\index.php(67): CodeIgniter\CodeIgniter->run()
14 SYSTEMPATH\Commands\Server\rewrite.php(43): require_once('FCPATH\\index.php')
